number,value,datetime_start,datetime_complete,duration,params_colsample_bytree,params_learning_rate,params_max_depth,params_min_child_weight,params_reg_alpha,params_reg_lambda,params_subsample,state
102,0.7428206997084549,2026-08-24 20:55:07.987516,2026-08-24 20:55:08.247734,0 days 00:00:00.260218,0.5670492905323621,0.04726830113076667,8,3,5.850267243103572,0.0004544768106994212,0.8830715031656051,COMPLETE
103,0.7659183673469387,2026-08-24 20:55:08.247805,2026-08-24 20:55:08.541301,0 days 00:00:00.293496,0.5411588974548214,0.06595567639544733,8,4,0.7136437164796962,0.00028170564825750745,0.8946634951631205,COMPLETE
104,0.7450291545189505,2026-08-24 20:55:08.541368,2026-08-24 20:55:08.825456,0 days 00:00:00.284088,0.5432515430711958,0.057720126897412335,8,5,4.571072007309766,0.0006639520148189369,0.9234017301453378,COMPLETE
105,0.7612973760932944,2026-08-24 20:55:08.825523,2026-08-24 20:55:09.099382,0 days 00:00:00.273859,0.5992047007954443,0.06485156566401967,8,4,1.7330282557166132,0.0001309954256931287,0.9026592526928415,COMPLETE
106,0.7477696793002917,2026-08-24 20:55:09.099449,2026-08-24 20:55:09.513955,0 days 00:00:00.414506,0.5226073137514872,0.11395838120840764,8,4,7.803686653263055,0.0002905518420570503,0.8669231703564649,COMPLETE
107,0.7646355685131195,2026-08-24 20:55:09.514023,2026-08-24 20:55:09.770733,0 days 00:00:00.256710,0.5607520426844604,0.06853692952103199,7,5,0.6559018174638629,0.0002509118001113033,0.8849592634637781,COMPLETE
108,0.754868804664723,2026-08-24 20:55:09.770801,2026-08-24 20:55:10.228931,0 days 00:00:00.458130,0.6430717001640283,0.042946411554707936,7,5,0.6580620856886737,0.0008594233996713134,0.8929799488151308,COMPLETE
109,0.757463556851312,2026-08-24 20:55:10.228999,2026-08-24 20:55:10.506171,0 days 00:00:00.277172,0.5836778856618781,0.05270020525963198,7,6,0.4759238125596352,0.00037480767897238093,0.9188714006768315,COMPLETE
110,0.7638338192419826,2026-08-24 20:55:10.506238,2026-08-24 20:55:10.719485,0 days 00:00:00.213247,0.558021783912872,0.0667905503278226,7,5,0.6391846853531237,0.000580536248150366,0.9018250136071156,COMPLETE
111,0.7633819241982507,2026-08-24 20:55:10.719551,2026-08-24 20:55:10.993225,0 days 00:00:00.273674,0.5478003889666538,0.07885263075453268,8,3,1.0758959604404525,0.0002530375095405274,0.8846313528892897,COMPLETE
112,0.7632215743440234,2026-08-24 20:55:10.993294,2026-08-24 20:55:11.285290,0 days 00:00:00.291996,0.5101223597409769,0.05974350342056637,8,4,0.7672532808260407,0.0001714025360550182,0.8558321944271092,COMPLETE
113,0.7509912536443148,2026-08-24 20:55:11.285359,2026-08-24 20:55:11.522613,0 days 00:00:00.237254,0.6729214241519366,0.03790438846936265,8,4,2.5453853799570445,0.0001281972827588781,0.8736235052178368,COMPLETE
114,0.7630830903790086,2026-08-24 20:55:11.522688,2026-08-24 20:55:11.795106,0 days 00:00:00.272418,0.5623104253033395,0.05535054598715955,8,3,1.081511513083951,0.00010112602244604801,0.8481469200528376,COMPLETE
115,0.7564431486880465,2026-08-24 20:55:11.795179,2026-08-24 20:55:12.151360,0 days 00:00:00.356181,0.5397550216825968,0.08927170757134777,8,4,0.29553051412526654,0.0002363600553689852,0.9109973242776508,COMPLETE
116,0.7587026239067056,2026-08-24 20:55:12.151430,2026-08-24 20:55:12.412288,0 days 00:00:00.260858,0.5235124935818847,0.04589556788608494,7,5,1.987123172770281,0.00037688498610996904,0.6506474177427815,COMPLETE
117,0.767798833819242,2026-08-24 20:55:12.412356,2026-08-24 20:55:12.684811,0 days 00:00:00.272455,0.530245200017839,0.07082969726601127,8,3,1.3021849777342722,0.0001596736572549166,0.9572910980969138,COMPLETE
118,0.7593002915451895,2026-08-24 20:55:12.684881,2026-08-24 20:55:12.950305,0 days 00:00:00.265424,0.5768468688216994,0.07457677483314623,8,6,1.2076164848551085,0.00016791520290426645,0.9981346111725191,COMPLETE
119,0.7582653061224489,2026-08-24 20:55:12.950384,2026-08-24 20:55:13.238443,0 days 00:00:00.288059,0.5007201572237845,0.1684172169079089,7,2,0.8856387728009734,0.00027805537774522587,0.6314594521486525,COMPLETE
120,0.7601166180758018,2026-08-24 20:55:13.238526,2026-08-24 20:55:13.575113,0 days 00:00:00.336587,0.8677894521128848,0.08192046677567168,5,1,0.42635946876394254,0.0012660806393273891,0.9399735918058048,COMPLETE
121,0.7594314868804666,2026-08-24 20:55:13.575188,2026-08-24 20:55:13.847363,0 days 00:00:00.272175,0.5318372558090808,0.06962947517222812,8,3,1.4161909106195578,0.0001974737525394791,0.9479225089613308,COMPLETE
122,0.7525655976676384,2026-08-24 20:55:13.847432,2026-08-24 20:55:14.117807,0 days 00:00:00.270375,0.5496242079963956,0.06217945631796319,8,4,3.359455228066346,0.00014153547544113444,0.6663066403758704,COMPLETE
123,0.7607142857142857,2026-08-24 20:55:14.117878,2026-08-24 20:55:14.395264,0 days 00:00:00.277386,0.518537703007187,0.05782885603985795,8,3,0.3754840331827817,0.020927467480502185,0.9765814372885774,COMPLETE
124,0.7609037900874637,2026-08-24 20:55:14.395334,2026-08-24 20:55:14.687307,0 days 00:00:00.291973,0.6188066209479166,0.05165817232201148,8,5,0.008820186783548694,0.0004397440410982093,0.8673988850405162,COMPLETE
125,0.7518804664723032,2026-08-24 20:55:14.687375,2026-08-24 20:55:14.988507,0 days 00:00:00.301132,0.566753745403341,0.2584027956631747,8,2,0.5307605490227206,0.0006501759329134264,0.8856416221006191,COMPLETE
126,0.7650145772594752,2026-08-24 20:55:14.988576,2026-08-24 20:55:15.274588,0 days 00:00:00.286012,0.5393664622067215,0.06941013922912519,8,3,0.8231844830593713,0.00021732416499083856,0.9539261279291738,COMPLETE
127,0.7569679300291545,2026-08-24 20:55:15.274660,2026-08-24 20:55:15.528722,0 days 00:00:00.254062,0.5159341464145585,0.06973811208856727,8,1,0.8363628504506284,0.009720888257249637,0.9339884046068136,COMPLETE
128,0.7587900874635569,2026-08-24 20:55:15.528795,2026-08-24 20:55:15.750833,0 days 00:00:00.222038,0.5274930523362644,0.046576097764242014,5,4,0.019410452519645113,0.0145926419582721,0.9583182032712357,COMPLETE
129,0.7631632653061224,2026-08-24 20:55:15.750906,2026-08-24 20:55:16.051421,0 days 00:00:00.300515,0.5097221449546788,0.04292160479945536,8,3,0.33969882986004457,0.00022534821043711478,0.9520389766876406,COMPLETE
130,0.7575801749271137,2026-08-24 20:55:16.051491,2026-08-24 20:55:16.269808,0 days 00:00:00.218317,0.5903678240708682,0.0552156092502266,7,15,0.032395927759539755,0.0015726947081168435,0.8574615806886665,COMPLETE
131,0.7708163265306123,2026-08-24 20:55:16.269878,2026-08-24 20:55:16.555468,0 days 00:00:00.285590,0.5398677305481113,0.06349799077966502,8,3,0.5668512602670329,0.0001164959488176132,0.8422922719113921,COMPLETE
132,0.7641107871720116,2026-08-24 20:55:16.555539,2026-08-24 20:55:16.868277,0 days 00:00:00.312738,0.5552717556760866,0.06781769556669984,8,4,0.6161434480635017,0.00017202718100661586,0.8431652679211871,COMPLETE
133,0.7616909620991253,2026-08-24 20:55:16.868344,2026-08-24 20:55:17.158834,0 days 00:00:00.290490,0.5363869093948633,0.08315803164234672,8,2,0.4919501562153793,0.0003318800963271029,0.9707395734350357,COMPLETE
134,0.7712536443148688,2026-08-24 20:55:17.158904,2026-08-24 20:55:17.433071,0 days 00:00:00.274167,0.5284333276789802,0.06025917462659235,8,3,0.013326211510884653,0.00012196823327465955,0.8214573995698241,COMPLETE
135,0.7681049562682216,2026-08-24 20:55:17.433142,2026-08-24 20:55:17.746375,0 days 00:00:00.313233,0.5475192920717018,0.07666371493010675,8,2,1.3436190541425708,0.00012960018288375868,0.8176364680220897,COMPLETE
136,0.7684402332361515,2026-08-24 20:55:17.746445,2026-08-24 20:55:18.261385,0 days 00:00:00.514940,0.5487558019484896,0.07588994005092897,8,2,0.013983669162517256,0.00012789124657388846,0.8189369841072495,COMPLETE
137,0.7679446064139943,2026-08-24 20:55:18.261457,2026-08-24 20:55:18.738318,0 days 00:00:00.476861,0.5478666792696458,0.09838596142931669,8,2,0.005648638920568668,0.0001305301750092592,0.8152592947491101,COMPLETE
138,0.7551020408163266,2026-08-24 20:55:18.738390,2026-08-24 20:55:18.977901,0 days 00:00:00.239511,0.721349382597509,0.09329832882110967,8,2,0.004771845744578319,0.00012033586002034383,0.8155571879318644,COMPLETE
139,0.7457871720116618,2026-08-24 20:55:18.977975,2026-08-24 20:55:19.274566,0 days 00:00:00.296591,0.5459270704369956,0.10603063567725125,8,1,0.012507100038247057,0.00014570372655857842,0.7972499620691784,COMPLETE
140,0.770262390670554,2026-08-24 20:55:19.274634,2026-08-24 20:55:19.567017,0 days 00:00:00.292383,0.5373568360228808,0.07608190317577473,8,2,0.01408678689130299,0.00020085165776051705,0.8230586390828138,COMPLETE
141,0.7707871720116618,2026-08-24 20:55:19.567088,2026-08-24 20:55:19.993390,0 days 00:00:00.426302,0.5359731899782744,0.07642764733466284,8,2,0.015533699241210336,0.00018389797741683416,0.8276295494179449,COMPLETE
142,0.7631778425655976,2026-08-24 20:55:19.993461,2026-08-24 20:55:20.266733,0 days 00:00:00.273272,0.5513852061029056,0.07679878305938025,8,2,0.006803246917082192,0.0001633431924197562,0.8237232684865754,COMPLETE
143,0.7620991253644316,2026-08-24 20:55:20.266801,2026-08-24 20:55:20.542307,0 days 00:00:00.275506,0.5394280837630026,0.093771799625273,8,2,0.009566887750599313,0.0002114520873899085,0.8083515485377869,COMPLETE
144,0.7799125364431486,2026-08-24 20:55:20.542377,2026-08-24 20:55:20.886293,0 days 00:00:00.343916,0.5651600310142777,0.08449079660848761,8,3,0.012937374993977086,0.0001198187972881247,0.825039768640443,COMPLETE
145,0.7729883381924199,2026-08-24 20:55:20.886367,2026-08-24 20:55:21.163536,0 days 00:00:00.277169,0.5645281291626059,0.08722378488857246,8,3,0.014909386565200643,0.00011550267561447785,0.8266787127352195,COMPLETE
146,0.7608746355685132,2026-08-24 20:55:21.163614,2026-08-24 20:55:21.459388,0 days 00:00:00.295774,0.5655120729332458,0.10182647571491557,8,2,0.01449475194875498,0.00011521392946541252,0.8275839674674569,COMPLETE
147,0.7652332361516037,2026-08-24 20:55:21.459457,2026-08-24 20:55:21.719119,0 days 00:00:00.259662,0.5752431014821364,0.07701283282679673,8,3,0.014571717835461271,0.00013364818494698122,0.8163162425954517,COMPLETE
148,0.7549125364431486,2026-08-24 20:55:21.719190,2026-08-24 20:55:22.134297,0 days 00:00:00.415107,0.5279789432908553,0.09529580169113402,8,2,0.005156331100037681,0.00015927388663513963,0.7850768883747721,COMPLETE
149,0.7591399416909621,2026-08-24 20:55:22.134366,2026-08-24 20:55:22.403775,0 days 00:00:00.269409,0.5551314953629287,0.08604043883733747,8,1,0.020221135912756618,0.00010812395035561097,0.805510471259626,COMPLETE
150,0.7752769679300292,2026-08-24 20:55:22.403867,2026-08-24 20:55:22.836567,0 days 00:00:00.432700,0.5470292529665245,0.07863893387973063,8,3,0.012483211055524024,0.0001329677857294941,0.8356570840859128,COMPLETE
151,0.7716909620991254,2026-08-24 20:55:22.836652,2026-08-24 20:55:23.253685,0 days 00:00:00.417033,0.5424247434317472,0.08139196421581472,8,3,0.010400732213661558,0.00012917564030163992,0.8353055790137471,COMPLETE
152,0.7651895043731779,2026-08-24 20:55:23.253759,2026-08-24 20:55:23.595946,0 days 00:00:00.342187,0.563949412506547,0.08763137973615745,8,3,0.011133097946057978,0.00012731154868333636,0.8390086154685676,COMPLETE
153,0.7511661807580174,2026-08-24 20:55:23.596015,2026-08-24 20:55:23.875616,0 days 00:00:00.279601,0.5494094220509751,0.10974761564434256,8,2,0.008438941429253808,0.00010132093058359698,0.823586757507561,COMPLETE
154,0.7614868804664723,2026-08-24 20:55:23.875688,2026-08-24 20:55:24.199740,0 days 00:00:00.324052,0.5207641598076918,0.0804085498739127,8,3,0.02722138357687913,0.00018000334598022814,0.7922593591260777,COMPLETE
155,0.7639795918367347,2026-08-24 20:55:24.199828,2026-08-24 20:55:24.634691,0 days 00:00:00.434863,0.5366005625082743,0.0742825913999767,8,2,0.0030926063923169427,0.00015118748056319132,0.8332012017418491,COMPLETE
156,0.7683381924198252,2026-08-24 20:55:24.634763,2026-08-24 20:55:24.885142,0 days 00:00:00.250379,0.5740944166514891,0.08616026679394173,8,3,0.01648096074170987,0.00012391503653636104,0.8148861088038136,COMPLETE
157,0.7512827988338191,2026-08-24 20:55:24.885217,2026-08-24 20:55:25.079274,0 days 00:00:00.194057,0.584775238074668,0.11949111106387011,8,3,0.015988638933916357,0.00012802101773175606,0.8139323695394922,COMPLETE
158,0.7619679300291545,2026-08-24 20:55:25.079344,2026-08-24 20:55:25.336387,0 days 00:00:00.257043,0.5572490722154015,0.10063614841841682,8,3,0.011461422640852415,0.00018881949934989337,0.8019623982176052,COMPLETE
159,0.7645626822157435,2026-08-24 20:55:25.336459,2026-08-24 20:55:25.559628,0 days 00:00:00.223169,0.5718366517298807,0.08524134046004994,8,3,0.02366980014192814,0.00010288925356600147,0.8303407340805374,COMPLETE
160,0.7616180758017492,2026-08-24 20:55:25.559703,2026-08-24 20:55:25.806968,0 days 00:00:00.247265,0.5308722274983885,0.09056266074705764,8,2,0.01789911102575985,0.00015998999850648033,0.8421843700523922,COMPLETE
161,0.7734548104956268,2026-08-24 20:55:25.807038,2026-08-24 20:55:26.114151,0 days 00:00:00.307113,0.5475718542976354,0.07818887878532081,8,1,0.006358998243090764,0.00013296891917665156,0.8208060572606398,COMPLETE
162,0.7623760932944607,2026-08-24 20:55:26.114224,2026-08-24 20:55:26.406045,0 days 00:00:00.291821,0.5492916811644598,0.08046146778309043,8,2,0.006383888474978938,0.00013032876342549977,0.8194507982247773,COMPLETE
163,0.7692419825072886,2026-08-24 20:55:26.406116,2026-08-24 20:55:27.048391,0 days 00:00:00.642275,0.5447441197106431,0.07507701839869378,8,1,0.00924367517018375,0.00020224348022275583,0.8137186365175144,COMPLETE
164,0.7640524781341108,2026-08-24 20:55:27.048463,2026-08-24 20:55:27.374076,0 days 00:00:00.325613,0.563790822951096,0.07898204606001012,8,1,0.008194742369562608,0.00022644228376799357,0.8543606313783577,COMPLETE
165,0.7623032069970845,2026-08-24 20:55:27.374149,2026-08-24 20:55:27.683072,0 days 00:00:00.308923,0.5446516918321651,0.07510693528455206,8,1,0.01294302631567822,0.00019799213295560505,0.8120430965703131,COMPLETE
166,0.7698396501457726,2026-08-24 20:55:27.683145,2026-08-24 20:55:28.217768,0 days 00:00:00.534623,0.5792851005906708,0.09857260390977528,8,1,0.010779010027700283,0.0002875053498182757,0.8275196608806257,COMPLETE
167,0.7590087463556852,2026-08-24 20:55:28.217842,2026-08-24 20:55:28.513616,0 days 00:00:00.295774,0.5832975609170656,0.08652246400229142,8,1,0.010401661130457476,0.0002856047084210567,0.8292696083028466,COMPLETE
168,0.7364285714285714,2026-08-24 20:55:28.513688,2026-08-24 20:55:28.644831,0 days 00:00:00.131143,0.6005920730259967,0.09174187396224648,8,1,0.019004592596908548,0.00010216399344942215,0.8459101186738499,COMPLETE
169,0.7579446064139942,2026-08-24 20:55:28.644906,2026-08-24 20:55:28.896739,0 days 00:00:00.251833,0.5706571836680043,0.0749785086121434,8,2,0.015448284046234375,0.00018811983276959706,0.7992664015881651,COMPLETE
170,0.7676384839650146,2026-08-24 20:55:28.896816,2026-08-24 20:55:29.520514,0 days 00:00:00.623698,0.5552260178152216,0.06380276140204137,8,1,0.00742239523008729,0.00035125811123165135,0.8372365521338728,COMPLETE
171,0.7613848396501457,2026-08-24 20:55:29.520596,2026-08-24 20:55:30.032508,0 days 00:00:00.511912,0.5438172962319311,0.09920428175035985,8,2,0.006217070650819546,0.00013109353410841362,0.8214740318220202,COMPLETE
172,0.7624635568513121,2026-08-24 20:55:30.032583,2026-08-24 20:55:30.337243,0 days 00:00:00.304660,0.522253140909516,0.08293815643754363,8,2,0.01019886806851595,0.00014895539691060216,0.809872788826347,COMPLETE
173,0.7546647230320699,2026-08-24 20:55:30.337327,2026-08-24 20:55:30.604538,0 days 00:00:00.267211,0.5599465418097465,0.0982951958276859,8,2,0.012786440337254793,0.00024202263281120342,0.8517498856850279,COMPLETE
174,0.7553498542274053,2026-08-24 20:55:30.604612,2026-08-24 20:55:31.087218,0 days 00:00:00.482606,0.7777257485734201,0.08939961637809563,8,3,0.00491764172843155,0.00011803147227118407,0.8251312046297498,COMPLETE
175,0.757259475218659,2026-08-24 20:55:31.087299,2026-08-24 20:55:31.384609,0 days 00:00:00.297310,0.5757248074797338,0.0790092375705294,8,1,0.00822216423877845,0.00010099862505450129,0.8409176326958239,COMPLETE
176,0.7558163265306123,2026-08-24 20:55:31.384684,2026-08-24 20:55:31.631014,0 days 00:00:00.246330,0.535445560249599,0.11500325788674232,8,3,0.02582717243933103,0.0001789956848148655,0.8616387135969734,COMPLETE
177,0.7653790087463557,2026-08-24 20:55:31.631088,2026-08-24 20:55:31.988544,0 days 00:00:00.357456,0.551173507002553,0.13018153358078918,8,19,0.0037828369827584397,0.00013686439403335428,0.7905828998822992,COMPLETE
178,0.7670116618075802,2026-08-24 20:55:31.988619,2026-08-24 20:55:32.283309,0 days 00:00:00.294690,0.5156482645755314,0.07161155832416342,8,2,0.016323783009529698,0.00024202165416476788,0.8320712584638487,COMPLETE
179,0.762667638483965,2026-08-24 20:55:32.283387,2026-08-24 20:55:32.561529,0 days 00:00:00.278142,0.5445885356644842,0.061461535673894625,8,3,0.0001153266137166871,0.00015519890629837413,0.815425864407714,COMPLETE
180,0.7663702623906705,2026-08-24 20:55:32.561605,2026-08-24 20:55:33.034787,0 days 00:00:00.473182,0.5344327965576072,0.08402242332562705,8,1,0.009382198516603688,0.0002058486589788668,0.8069901345996058,COMPLETE
181,0.7660787172011662,2026-08-24 20:55:33.034862,2026-08-24 20:55:33.313263,0 days 00:00:00.278401,0.525329855684375,0.07131967916351038,8,3,0.012339369614274185,0.00016113906682226818,0.8210641145584678,COMPLETE
182,0.77033527696793,2026-08-24 20:55:33.313338,2026-08-24 20:55:33.780184,0 days 00:00:00.466846,0.5301434697340126,0.07608637286775966,8,3,0.020875665823493216,0.0001255646162747927,0.833874010316913,COMPLETE
183,0.7575655976676385,2026-08-24 20:55:33.780258,2026-08-24 20:55:33.959217,0 days 00:00:00.178959,0.7007646802993892,0.07785113993589562,8,4,0.019035903314296554,0.00012421579693529413,0.8482958416714348,COMPLETE
184,0.7550000000000001,2026-08-24 20:55:33.959288,2026-08-24 20:55:34.238775,0 days 00:00:00.279487,0.5665693409404593,0.09511050312012344,8,2,0.02129225924756821,0.00012158237599272071,0.8352504470632268,COMPLETE
185,0.765728862973761,2026-08-24 20:55:34.238849,2026-08-24 20:55:34.594135,0 days 00:00:00.355286,0.5405683345228128,0.08498616415716681,8,3,0.01436061105479129,0.00029172791651669834,0.8282041958831727,COMPLETE
186,0.766399416909621,2026-08-24 20:55:34.594211,2026-08-24 20:55:34.890826,0 days 00:00:00.296615,0.5575831021887984,0.06549328727971195,8,2,0.0059681494739499946,0.00019506781489867357,0.8027662886497147,COMPLETE
187,0.7622448979591838,2026-08-24 20:55:34.890900,2026-08-24 20:55:35.350559,0 days 00:00:00.459659,0.5333777818727734,0.10503271979354194,8,3,0.009944861258735541,0.00014103838221923804,0.8612220457496221,COMPLETE
188,0.7497667638483965,2026-08-24 20:55:35.350635,2026-08-24 20:55:35.636552,0 days 00:00:00.285917,0.5472169786273856,0.07463140852969403,8,2,0.02420770841026643,0.00010536694414109755,0.5224037182030821,COMPLETE
189,0.7626093294460642,2026-08-24 20:55:35.636626,2026-08-24 20:55:35.974486,0 days 00:00:00.337860,0.5134243690321718,0.08824169613045771,8,4,0.039807693143505164,0.0002407145699717077,0.8417299446706573,COMPLETE
190,0.7665451895043731,2026-08-24 20:55:35.974561,2026-08-24 20:55:36.249542,0 days 00:00:00.274981,0.5248700549461252,0.08086715591211607,8,3,0.031455412384589175,0.00017070553318604103,0.8155806106473098,COMPLETE
191,0.7685568513119534,2026-08-24 20:55:36.249639,2026-08-24 20:55:36.509992,0 days 00:00:00.260353,0.5294072494388401,0.07087686769520916,8,3,0.012511240960553432,0.00016516993813681338,0.8245236665200829,COMPLETE
192,0.7651311953352768,2026-08-24 20:55:36.510069,2026-08-24 20:55:36.761897,0 days 00:00:00.251828,0.5520077681361737,0.07129703910975392,8,3,0.011667438718870875,0.00013716328078065135,0.8268625542030474,COMPLETE
193,0.7696501457725946,2026-08-24 20:55:36.761971,2026-08-24 20:55:37.048695,0 days 00:00:00.286724,0.5340784433387114,0.06655191165722414,8,2,0.0159762439081458,0.00019406053642459574,0.8371874907734725,COMPLETE
194,0.7672594752186588,2026-08-24 20:55:37.048769,2026-08-24 20:55:37.385059,0 days 00:00:00.336290,0.5306935525328244,0.06660986404616753,8,1,0.017376923730002485,0.00019939932818831784,0.8524436293683488,COMPLETE
195,0.7682215743440233,2026-08-24 20:55:37.385136,2026-08-24 20:55:37.667831,0 days 00:00:00.282695,0.517316186848466,0.05923857203118537,8,4,0.013423838918480561,0.0002662919935993673,0.8387318467835588,COMPLETE
196,0.7720991253644314,2026-08-24 20:55:37.667910,2026-08-24 20:55:37.975554,0 days 00:00:00.307644,0.5113387687553758,0.05884007169717731,8,4,0.014035158249021339,0.0003919279450491943,0.8383573054245661,COMPLETE
197,0.7606997084548104,2026-08-24 20:55:37.975631,2026-08-24 20:55:38.273494,0 days 00:00:00.297863,0.5105951973749528,0.06117577857746774,8,4,0.015421223676692896,0.0003516391051961976,0.869908885629917,COMPLETE
198,0.7593586005830903,2026-08-24 20:55:38.273572,2026-08-24 20:55:38.722560,0 days 00:00:00.448988,0.5207799583824769,0.06560921369921917,8,3,0.021903279915716493,0.00017937730034842917,0.8481941205751973,COMPLETE
199,0.7717201166180757,2026-08-24 20:55:38.722641,2026-08-24 20:55:39.022949,0 days 00:00:00.300308,0.534271033879387,0.05564255743896893,8,3,0.007941410487719638,0.00010301455335945612,0.8336098617775306,COMPLETE
200,0.7607580174927113,2026-08-24 20:55:39.023024,2026-08-24 20:55:39.281438,0 days 00:00:00.258414,0.5343946089192887,0.05540495945812436,8,4,0.007648547089357771,0.00040733491665699963,0.8340199740272455,COMPLETE
201,0.7569679300291545,2026-08-24 20:55:39.281517,2026-08-24 20:55:40.078402,0 days 00:00:00.796885,0.9138378454167961,0.05232496061351579,8,3,0.010073608627275115,0.00010206885169840631,0.8276610295132797,COMPLETE
202,0.7696501457725948,2026-08-24 20:55:40.078481,2026-08-24 20:55:40.379283,0 days 00:00:00.300802,0.526451817020003,0.06009326894904599,8,3,0.012286033960525574,0.00010036943527043105,0.8551689067929144,COMPLETE
203,0.7643294460641399,2026-08-24 20:55:40.379357,2026-08-24 20:55:40.688456,0 days 00:00:00.309099,0.5101028581223748,0.06009641681151912,8,3,0.012073468601040001,0.0001611999665210598,0.8529552864915243,COMPLETE
