number,value,datetime_start,datetime_complete,duration,params_colsample_bytree,params_learning_rate,params_max_depth,params_min_child_weight,params_reg_alpha,params_reg_lambda,params_subsample,state
0,0.7510495626822158,2026-08-24 20:54:42.696881,2026-08-24 20:54:42.861045,0 days 00:00:00.164164,0.7993292420985183,0.2536999076681771,4,4,0.000602521573620386,0.00019517224641449495,0.8659969709057025,COMPLETE
1,0.752463556851312,2026-08-24 20:54:42.861116,2026-08-24 20:54:43.077485,0 days 00:00:00.216369,0.5102922471479012,0.07725378389307355,8,20,1.452824663751602,0.0011526449540315614,0.8540362888980227,COMPLETE
2,0.7370481049562683,2026-08-24 20:54:43.077551,2026-08-24 20:54:43.183032,0 days 00:00:00.105481,0.762378215816119,0.018659959624904923,3,9,0.0028585493941961923,0.11462107403425029,0.6521211214797689,COMPLETE
3,0.7390816326530613,2026-08-24 20:54:43.183096,2026-08-24 20:54:43.274828,0 days 00:00:00.091732,0.728034992108518,0.027010527749605478,2,16,0.0009962513222055117,0.03725393839578886,0.6831809216468459,COMPLETE
4,0.7367565597667639,2026-08-24 20:54:43.274887,2026-08-24 20:54:43.493158,0 days 00:00:00.218271,0.5852620618436457,0.011711509955524094,6,2,5.55172168524472,6.732248920775334,0.8037724259507192,COMPLETE
5,0.755932944606414,2026-08-24 20:54:43.493220,2026-08-24 20:54:44.441984,0 days 00:00:00.948764,0.8421165132560784,0.028180680291847244,7,9,0.00040755964400728694,0.02991469302130215,0.5488360570031919,COMPLETE
6,0.749533527696793,2026-08-24 20:54:44.442044,2026-08-24 20:54:44.532357,0 days 00:00:00.090313,0.831261142176991,0.2203821893928988,2,7,0.039841905944346875,0.05414413211338523,0.6293899908000085,COMPLETE
7,0.7429591836734694,2026-08-24 20:54:44.532422,2026-08-24 20:54:44.656022,0 days 00:00:00.123600,0.9697494707820946,0.2705166881899928,3,18,0.09761125443110452,4.067908494359543,0.8875664116805573,COMPLETE
8,0.7472448979591837,2026-08-24 20:54:44.656082,2026-08-24 20:54:44.701507,0 days 00:00:00.045425,0.6626651653816322,0.01947558230629543,2,8,0.002273762810253686,1.3921548533046488,0.522613644455269,COMPLETE
9,0.7463119533527698,2026-08-24 20:54:44.701571,2026-08-24 20:54:44.846823,0 days 00:00:00.145252,0.5704621124873813,0.026000059117302653,4,17,0.0002359137306347715,8.59873733921227,0.7713480415791243,COMPLETE
10,0.74567055393586,2026-08-24 20:54:44.846879,2026-08-24 20:54:45.087722,0 days 00:00:00.240843,0.9352468198873466,0.06690992453172917,7,13,0.01076822941610914,0.004520957335374952,0.984768555393933,COMPLETE
11,0.74865889212828,2026-08-24 20:54:45.087789,2026-08-24 20:54:45.251004,0 days 00:00:00.163215,0.8786594745277075,0.06962550818742679,8,13,0.9802989335982001,0.0019303990443151628,0.5034331983772904,COMPLETE
12,0.7579008746355685,2026-08-24 20:54:45.251064,2026-08-24 20:54:45.621303,0 days 00:00:00.370239,0.5109089606097476,0.1302280528485088,8,12,0.31828312631349026,0.002185769100162308,0.9689478251869063,COMPLETE
13,0.7494970845481049,2026-08-24 20:54:45.621360,2026-08-24 20:54:45.708932,0 days 00:00:00.087572,0.6888292996838146,0.1320639950556449,6,11,0.2099569708816774,0.3629852778670363,0.960544136650653,COMPLETE
14,0.7393586005830904,2026-08-24 20:54:45.709000,2026-08-24 20:54:45.868156,0 days 00:00:00.159156,0.8678954872002884,0.04354739383874702,7,5,0.011984096456372396,0.007453740021648722,0.5634924220005434,COMPLETE
15,0.750131195335277,2026-08-24 20:54:45.868221,2026-08-24 20:54:46.084079,0 days 00:00:00.215858,0.5926298696920422,0.12216355925806084,7,12,0.37017194142773086,0.00015177087592234314,0.7074385279224897,COMPLETE
16,0.7512973760932945,2026-08-24 20:54:46.084145,2026-08-24 20:54:46.326418,0 days 00:00:00.242273,0.5125413310426077,0.03897803960375353,6,15,0.00010397182740860142,0.011444165719773282,0.5710921036558219,COMPLETE
17,0.7580320699708455,2026-08-24 20:54:46.326484,2026-08-24 20:54:46.715938,0 days 00:00:00.389454,0.6531221286499026,0.11978626972309993,8,10,0.01781294732928646,0.0005354846836147949,0.9290446488998967,COMPLETE
18,0.7508746355685132,2026-08-24 20:54:46.716003,2026-08-24 20:54:46.872794,0 days 00:00:00.156791,0.652446661063429,0.15145270343269096,8,14,0.06281732889582836,0.0004874206153890443,0.9318053345561489,COMPLETE
19,0.7573615160349855,2026-08-24 20:54:46.872864,2026-08-24 20:54:47.097885,0 days 00:00:00.225021,0.6240956419513559,0.1713576149281431,8,6,0.0151530190027151,0.0006611160182967714,0.903636560260076,COMPLETE
20,0.752667638483965,2026-08-24 20:54:47.097944,2026-08-24 20:54:47.345143,0 days 00:00:00.247199,0.5400049628174017,0.09806146822400062,5,10,3.2605115544335193,0.0021803195227655166,0.9991349065669801,COMPLETE
21,0.7647813411078718,2026-08-24 20:54:47.345203,2026-08-24 20:54:47.620142,0 days 00:00:00.274939,0.6141831052110287,0.19002817728709245,8,6,0.013968169831582692,0.000565768328776363,0.905109924132299,COMPLETE
22,0.7474927113702624,2026-08-24 20:54:47.620201,2026-08-24 20:54:47.842985,0 days 00:00:00.222784,0.7149516835019795,0.19297584945442403,8,3,0.23082773786697378,0.0003115012061067322,0.814726113344182,COMPLETE
23,0.7471282798833819,2026-08-24 20:54:47.843047,2026-08-24 20:54:47.930940,0 days 00:00:00.087893,0.6044000049913592,0.10121012361588448,7,11,0.003956155119016376,0.00011431541785080443,0.9340933208051525,COMPLETE
24,0.7596209912536442,2026-08-24 20:54:47.931000,2026-08-24 20:54:48.375762,0 days 00:00:00.444762,0.5489867275811653,0.0919314853302482,8,7,0.02212233808715624,0.003418087963577316,0.9439933848716875,COMPLETE
25,0.7543877551020408,2026-08-24 20:54:48.375823,2026-08-24 20:54:48.511239,0 days 00:00:00.135416,0.6523796701790242,0.09581200245531701,6,6,0.017788016828777033,0.0008015132198148469,0.8359286278799217,COMPLETE
26,0.7608600583090379,2026-08-24 20:54:48.511300,2026-08-24 20:54:48.767456,0 days 00:00:00.256156,0.5473338952718988,0.05251569611852853,7,8,0.007636971410894283,0.005829638955101996,0.914167439888165,COMPLETE
27,0.760058309037901,2026-08-24 20:54:48.767518,2026-08-24 20:54:49.088947,0 days 00:00:00.321429,0.5666393758052286,0.052868529212974864,7,1,0.0020473227821171574,0.01309285452265256,0.8937714647226439,COMPLETE
28,0.7666909620991254,2026-08-24 20:54:49.089009,2026-08-24 20:54:49.415606,0 days 00:00:00.326597,0.5510425024755335,0.05003335574498735,5,1,0.0068902772056440836,0.01704234601226918,0.753273328148085,COMPLETE
29,0.751268221574344,2026-08-24 20:54:49.415667,2026-08-24 20:54:49.672392,0 days 00:00:00.256725,0.6262510486791795,0.03861526689711333,5,4,0.0059848994577032235,0.016355509078897403,0.7531544702794251,COMPLETE
30,0.7438483965014577,2026-08-24 20:54:49.672455,2026-08-24 20:54:49.858867,0 days 00:00:00.186412,0.7640611800723452,0.05504521004428527,4,1,0.0009475621076576635,0.18897400219563393,0.7254426108920369,COMPLETE
31,0.7578134110787171,2026-08-24 20:54:49.858937,2026-08-24 20:54:50.031563,0 days 00:00:00.172626,0.5621979631283099,0.04970214666737383,5,1,0.0017798440371459574,0.015111535627975108,0.8812829080304145,COMPLETE
32,0.7558309037900874,2026-08-24 20:54:50.031624,2026-08-24 20:54:50.222515,0 days 00:00:00.190891,0.533359537902492,0.06190736747871961,6,3,0.006383462522076668,0.004289382544287833,0.8558512823757618,COMPLETE
33,0.7582798833819242,2026-08-24 20:54:50.222577,2026-08-24 20:54:50.496709,0 days 00:00:00.274132,0.5009049785519785,0.03400043138030734,7,4,0.005961081310600636,0.08516741890027377,0.797670387703147,COMPLETE
34,0.7484256559766763,2026-08-24 20:54:50.496769,2026-08-24 20:54:50.705504,0 days 00:00:00.208735,0.6109881842422002,0.07980140687004718,5,2,0.001726830020965367,0.022157914021963224,0.9028866696483816,COMPLETE
35,0.7646209912536444,2026-08-24 20:54:50.705567,2026-08-24 20:54:50.906307,0 days 00:00:00.200740,0.5696224236522215,0.05025543543834014,6,5,0.04127058589178096,0.007730349126993934,0.8339925541362461,COMPLETE
36,0.760393586005831,2026-08-24 20:54:50.906368,2026-08-24 20:54:51.256613,0 days 00:00:00.350245,0.5336042036453681,0.03134532625064441,6,8,0.03860488291795307,0.0071985304919475615,0.831024505309566,COMPLETE
37,0.7584693877551021,2026-08-24 20:54:51.256673,2026-08-24 20:54:51.513715,0 days 00:00:00.257042,0.5780719220524798,0.04614568362849158,4,5,0.07867515620561442,0.05449277296559169,0.77413741468649,COMPLETE
38,0.7499854227405247,2026-08-24 20:54:51.513776,2026-08-24 20:54:51.704773,0 days 00:00:00.190997,0.7004328722584814,0.021326361802296228,6,8,0.03466493100323342,0.0011539001767612376,0.8664642560127676,COMPLETE
39,0.7403790087463558,2026-08-24 20:54:51.704834,2026-08-24 20:54:51.831224,0 days 00:00:00.126390,0.6299864461097264,0.010566289050279001,3,6,0.10040843050029044,0.21188518203725015,0.6465923608200838,COMPLETE
40,0.7588338192419826,2026-08-24 20:54:51.831284,2026-08-24 20:54:52.217172,0 days 00:00:00.385888,0.7922287095621835,0.05944283231724078,7,3,0.0007167270792538404,0.00025464344005010766,0.6848529328250124,COMPLETE
41,0.7416326530612245,2026-08-24 20:54:52.217233,2026-08-24 20:54:52.309871,0 days 00:00:00.092638,0.5268410837664294,0.032633814768061896,6,8,0.03784311615302749,0.007611750402084285,0.8314743500024385,COMPLETE
42,0.7588338192419826,2026-08-24 20:54:52.309933,2026-08-24 20:54:52.541631,0 days 00:00:00.231698,0.5460037778670265,0.01667171797884941,6,9,0.007474403969138444,0.008301072942836666,0.7909451022606109,COMPLETE
43,0.7536880466472304,2026-08-24 20:54:52.541692,2026-08-24 20:54:52.738736,0 days 00:00:00.197044,0.589398712974537,0.02486865857491328,5,7,0.003700993770163927,0.0013205084602955907,0.824153249916053,COMPLETE
44,0.758002915451895,2026-08-24 20:54:52.738801,2026-08-24 20:54:53.142652,0 days 00:00:00.403851,0.5671901410901685,0.031044436860460344,7,20,0.05172647669302283,0.031370763026716215,0.8544681819748869,COMPLETE
45,0.7594169096209913,2026-08-24 20:54:53.142712,2026-08-24 20:54:53.385056,0 days 00:00:00.242344,0.5303041394936022,0.014349343728018745,6,5,0.023487601839679326,0.003823561344443587,0.7510192492964348,COMPLETE
46,0.7505102040816326,2026-08-24 20:54:53.385118,2026-08-24 20:54:53.687331,0 days 00:00:00.302213,0.6804670288706806,0.07429831690116942,5,9,0.008122264050627166,0.03784438092969963,0.722370069691597,COMPLETE
47,0.7571574344023324,2026-08-24 20:54:53.687405,2026-08-24 20:54:53.786734,0 days 00:00:00.099329,0.5989385918236495,0.293470448463706,7,7,0.11970039472114738,0.007649606710779464,0.9168145321447896,COMPLETE
48,0.7624198250728863,2026-08-24 20:54:53.786800,2026-08-24 20:54:54.016734,0 days 00:00:00.229934,0.5141039596883591,0.04064769074897155,6,8,0.1538929448679944,0.6789353969133088,0.7852617995539742,COMPLETE
49,0.7510641399416911,2026-08-24 20:54:54.016796,2026-08-24 20:54:54.190721,0 days 00:00:00.173925,0.5007250058963767,0.04055990110519038,4,5,0.8996250149401811,1.7387492444524728,0.7816221331820395,COMPLETE
50,0.7603352769679299,2026-08-24 20:54:54.190785,2026-08-24 20:54:54.476288,0 days 00:00:00.285503,0.5577885291791164,0.04770053873744944,7,2,0.00038229969212019135,1.768979616880392,0.964457233040088,COMPLETE
51,0.7624344023323615,2026-08-24 20:54:54.476352,2026-08-24 20:54:54.715470,0 days 00:00:00.239118,0.5188498188567277,0.028467413964935392,6,9,0.12891833510039777,0.4605349377436114,0.8089759935875197,COMPLETE
52,0.7605102040816326,2026-08-24 20:54:54.715532,2026-08-24 20:54:54.947742,0 days 00:00:00.232210,0.5154665260621023,0.025470847591050123,6,10,0.5252103382994051,0.4918088870118397,0.8713153086512966,COMPLETE
53,0.7520553935860058,2026-08-24 20:54:54.947804,2026-08-24 20:54:55.133967,0 days 00:00:00.186163,0.5811346006260988,0.0356012705237209,5,8,0.1452018721119844,4.038699432349145,0.8123064836473866,COMPLETE
54,0.7451020408163267,2026-08-24 20:54:55.134036,2026-08-24 20:54:55.356151,0 days 00:00:00.222115,0.9970987946146201,0.06374976619661063,6,6,0.2103912402748703,0.31152148887305053,0.7587789562070723,COMPLETE
55,0.7562244897959184,2026-08-24 20:54:55.356216,2026-08-24 20:54:55.537046,0 days 00:00:00.180830,0.5214600227014768,0.08184401482389503,4,11,0.05789840686484239,0.8098649360337273,0.845397317881854,COMPLETE
56,0.7578862973760934,2026-08-24 20:54:55.537125,2026-08-24 20:54:55.795011,0 days 00:00:00.257886,0.5509960569778699,0.021416729398732556,7,9,0.013401433653379553,0.10376419607663874,0.7329878040227603,COMPLETE
57,0.74067055393586,2026-08-24 20:54:55.795075,2026-08-24 20:54:55.989294,0 days 00:00:00.194219,0.6129993134418343,0.23189088872381258,8,6,0.5559397252743702,0.8987784652875117,0.6926570680533426,COMPLETE
58,0.7577696793002916,2026-08-24 20:54:55.989357,2026-08-24 20:54:56.204323,0 days 00:00:00.214966,0.5800047599864983,0.0414904405478236,6,12,0.010305516569009585,0.05637561802800775,0.8035242123917344,COMPLETE
59,0.7555247813411079,2026-08-24 20:54:56.204385,2026-08-24 20:54:56.544118,0 days 00:00:00.339733,0.5476716071070389,0.029081780684039236,5,7,0.022237103910976247,3.2832572592287192,0.5940628175743564,COMPLETE
60,0.7516472303206997,2026-08-24 20:54:56.544182,2026-08-24 20:54:57.019438,0 days 00:00:00.475256,0.9216365873811325,0.05359937732638227,8,9,0.15403099735941553,0.002598701752441006,0.7648146699297499,COMPLETE
61,0.7567711370262391,2026-08-24 20:54:57.019501,2026-08-24 20:54:57.247345,0 days 00:00:00.227844,0.5096457633108955,0.024555686134039356,6,10,2.921617205127355,0.5766325183269443,0.8737975462401575,COMPLETE
62,0.758338192419825,2026-08-24 20:54:57.247409,2026-08-24 20:54:57.475701,0 days 00:00:00.228292,0.5182633396413479,0.0281596400236941,6,10,0.5628489768098099,0.43642466084851017,0.9121107664213615,COMPLETE
63,0.7508163265306123,2026-08-24 20:54:57.475764,2026-08-24 20:54:57.706843,0 days 00:00:00.231079,0.5253945671850632,0.03640303975398407,6,18,0.3597135132761329,0.2088995681255458,0.887695801985116,COMPLETE
64,0.7574562682215744,2026-08-24 20:54:57.706909,2026-08-24 20:54:57.935980,0 days 00:00:00.229071,0.5599189120114075,0.022520246370192502,7,13,1.4952398882639883,0.13822387189572471,0.9489509362324846,COMPLETE
65,0.7525072886297375,2026-08-24 20:54:57.936042,2026-08-24 20:54:58.121929,0 days 00:00:00.185887,0.6358460477166584,0.017699250752118447,5,11,0.003835717794868273,0.943229434229484,0.785145646397873,COMPLETE
66,0.7505685131195337,2026-08-24 20:54:58.121994,2026-08-24 20:54:58.306340,0 days 00:00:00.184346,0.5386127420791592,0.04336026701741475,5,7,0.30796665210800694,2.621280562618537,0.8585700348580348,COMPLETE
67,0.7588775510204081,2026-08-24 20:54:58.306403,2026-08-24 20:54:58.744781,0 days 00:00:00.438378,0.7424458957849316,0.06822317404912587,7,8,0.08682951802065507,6.207377994744257,0.7403263020054255,COMPLETE
68,0.7642565597667638,2026-08-24 20:54:58.744845,2026-08-24 20:54:58.983290,0 days 00:00:00.238445,0.5009095895399837,0.057292712909495926,6,4,0.5898955073733713,0.02036732317233389,0.839860779929589,COMPLETE
69,0.7608600583090379,2026-08-24 20:54:58.983355,2026-08-24 20:54:59.155345,0 days 00:00:00.171990,0.5023182662053843,0.05689249047799163,2,4,0.05192073208795026,0.024656969277019585,0.8120315928802923,COMPLETE
70,0.7603935860058308,2026-08-24 20:54:59.155410,2026-08-24 20:54:59.401431,0 days 00:00:00.246021,0.5936793391241422,0.14370880585801704,5,3,0.025618575132552182,0.01128880417168104,0.8364541239035774,COMPLETE
71,0.7538192419825074,2026-08-24 20:54:59.401496,2026-08-24 20:54:59.523982,0 days 00:00:00.122486,0.5025781477570667,0.05014574743956722,2,4,0.05620458066676406,0.019107392846686267,0.8217088772922748,COMPLETE
72,0.7560714285714285,2026-08-24 20:54:59.524045,2026-08-24 20:54:59.698283,0 days 00:00:00.174238,0.5414271202361164,0.056711362748291035,2,4,0.011025863614197731,0.02872118469436153,0.8068250148001701,COMPLETE
73,0.7562026239067057,2026-08-24 20:54:59.698350,2026-08-24 20:54:59.896820,0 days 00:00:00.198470,0.5705132126853044,0.046388196059765525,3,2,0.16344186399839364,0.0051817549945105314,0.9841040815102478,COMPLETE
74,0.7514723032069971,2026-08-24 20:54:59.896883,2026-08-24 20:55:00.022558,0 days 00:00:00.125675,0.5154582200865045,0.08675653811394228,3,5,0.029735729706960146,0.0397787725207119,0.7714093270900597,COMPLETE
75,0.7555393586005832,2026-08-24 20:55:00.022621,2026-08-24 20:55:00.262179,0 days 00:00:00.239558,0.5334883857808571,0.10536798754917856,8,3,0.016640272004383432,0.018931025030414644,0.7932294536309883,COMPLETE
76,0.7556997084548105,2026-08-24 20:55:00.262244,2026-08-24 20:55:00.457318,0 days 00:00:00.195074,0.5574691528134793,0.07274763742093053,6,4,0.044030125549578226,0.01100791487660317,0.8428458906482872,COMPLETE
77,0.7591836734693878,2026-08-24 20:55:00.457383,2026-08-24 20:55:00.773611,0 days 00:00:00.316228,0.5226582293385654,0.06005748688391898,7,6,0.0027172344253137376,0.06620804311080272,0.9242688021301261,COMPLETE
78,0.7647667638483965,2026-08-24 20:55:00.773679,2026-08-24 20:55:01.093661,0 days 00:00:00.319982,0.5003996464536615,0.038875787034304186,8,1,0.06771540039559083,0.022154796689056618,0.894225120418674,COMPLETE
79,0.7591690962099126,2026-08-24 20:55:01.093727,2026-08-24 20:55:01.307007,0 days 00:00:00.213280,0.5705347040930607,0.19033545346882483,8,2,0.07569620171924211,0.005262525687053397,0.8922240324699385,COMPLETE
80,0.7544314868804665,2026-08-24 20:55:01.307069,2026-08-24 20:55:01.609034,0 days 00:00:00.301965,0.6099327556216978,0.03722377042739604,8,1,1.5157216900196862,0.013339181088197196,0.9073150799767886,COMPLETE
81,0.7616326530612245,2026-08-24 20:55:01.609108,2026-08-24 20:55:01.930178,0 days 00:00:00.321070,0.503654291623473,0.0443410999677965,8,2,0.07521042822350142,0.0261346039196088,0.8210971714118656,COMPLETE
82,0.7607580174927113,2026-08-24 20:55:01.930245,2026-08-24 20:55:02.256715,0 days 00:00:00.326470,0.5431630117904742,0.040070470882335826,8,1,0.2657268748487546,0.0421172740428346,0.8765730763075467,COMPLETE
83,0.7600000000000001,2026-08-24 20:55:02.256781,2026-08-24 20:55:02.646346,0 days 00:00:00.389565,0.5101053360417708,0.04407159026896026,8,2,0.0046658732237138895,0.0028446772119652777,0.9398109328861516,COMPLETE
84,0.7642128279883382,2026-08-24 20:55:02.646410,2026-08-24 20:55:02.927405,0 days 00:00:00.280995,0.5288803039057551,0.034316983588857125,8,3,0.11423745271218871,0.001498552484043501,0.848532307272642,COMPLETE
85,0.7588921282798835,2026-08-24 20:55:02.927474,2026-08-24 20:55:03.327068,0 days 00:00:00.399594,0.5285421533233416,0.029930485570650884,8,2,0.11608257453586619,0.0004497958794002802,0.8473318927112939,COMPLETE
86,0.7599562682215744,2026-08-24 20:55:03.327134,2026-08-24 20:55:03.627459,0 days 00:00:00.300325,0.512215936543758,0.033352093088802416,8,3,0.07262402568917362,0.0017405520909051612,0.861899761966886,COMPLETE
87,0.7622157434402332,2026-08-24 20:55:03.627528,2026-08-24 20:55:03.939841,0 days 00:00:00.312313,0.5545852216823497,0.034803300687924144,8,1,0.1908892430016274,0.0002260614526540183,0.8234428891346094,COMPLETE
88,0.7597886297376093,2026-08-24 20:55:03.939909,2026-08-24 20:55:04.206487,0 days 00:00:00.266578,0.5881259831811017,0.026782389095531944,8,1,0.16645011863346498,0.00014529176071338164,0.7064025123573499,COMPLETE
89,0.7518221574344024,2026-08-24 20:55:04.206553,2026-08-24 20:55:04.525058,0 days 00:00:00.318505,0.5559593476845013,0.03598782101124737,8,1,0.11929552152748456,0.0008308233140919034,0.7777668574612409,COMPLETE
90,0.7574489795918368,2026-08-24 20:55:04.525123,2026-08-24 20:55:04.776523,0 days 00:00:00.251400,0.5718432518634872,0.03233838420765905,7,5,0.8404085957289552,0.00030402639666798193,0.7998804613271069,COMPLETE
91,0.7634548104956269,2026-08-24 20:55:04.776593,2026-08-24 20:55:05.077698,0 days 00:00:00.301105,0.532456983064412,0.04958189616107562,8,2,0.23270800411713508,0.00019642919111030485,0.833260591009115,COMPLETE
92,0.7633819241982507,2026-08-24 20:55:05.077763,2026-08-24 20:55:05.378352,0 days 00:00:00.300589,0.5364948925194443,0.04023841912455057,8,3,0.4394331063325053,0.00019945324982381505,0.8315683987641658,COMPLETE
93,0.7624781341107872,2026-08-24 20:55:05.378418,2026-08-24 20:55:05.674466,0 days 00:00:00.296048,0.5356882738698064,0.050605454953980236,8,3,0.3892339587550073,0.00017593590359207053,0.8367224525210781,COMPLETE
94,0.7702040816326531,2026-08-24 20:55:05.674532,2026-08-24 20:55:05.970749,0 days 00:00:00.296217,0.5260457420048207,0.05018873966986882,8,3,0.45958990672763833,0.00011517610676222888,0.8479535078252696,COMPLETE
95,0.7708600583090379,2026-08-24 20:55:05.970815,2026-08-24 20:55:06.278674,0 days 00:00:00.307859,0.5370247087629659,0.04865317592449445,8,3,0.45470065609114557,0.00011317814679247683,0.8485622514356259,COMPLETE
96,0.7638629737609328,2026-08-24 20:55:06.278740,2026-08-24 20:55:06.548823,0 days 00:00:00.270083,0.5421072283006713,0.062854783845022,8,3,2.1414926870991384,0.00010034062682127993,0.8799850771180938,COMPLETE
97,0.7477915451895045,2026-08-24 20:55:06.548888,2026-08-24 20:55:06.795867,0 days 00:00:00.246979,0.8090437355645552,0.06384026540492899,8,4,2.2008235661181588,0.00011428747550378476,0.8969542745801607,COMPLETE
98,0.755932944606414,2026-08-24 20:55:06.795931,2026-08-24 20:55:07.094836,0 days 00:00:00.298905,0.5497303693983426,0.04924182867635305,8,3,0.6978711541026381,0.00034656821634698157,0.8643144589525654,COMPLETE
99,0.7612973760932945,2026-08-24 20:55:07.094903,2026-08-24 20:55:07.373799,0 days 00:00:00.278896,0.5785956801194574,0.05336224238046146,8,2,1.1747305840939086,0.0001412131961963372,0.8783923550279986,COMPLETE
100,0.7517492711370263,2026-08-24 20:55:07.373865,2026-08-24 20:55:07.690307,0 days 00:00:00.316442,0.5253946933582868,0.07263528936792193,8,2,0.25949947297125664,0.00010094927015093538,0.8506570974455633,COMPLETE
101,0.7700874635568515,2026-08-24 20:55:07.690375,2026-08-24 20:55:07.987447,0 days 00:00:00.297072,0.5421002583447259,0.04687687936917173,8,3,0.4115356216841721,0.00020589591891756863,0.8672082904788022,COMPLETE
