number,value,datetime_start,datetime_complete,duration,params_colsample_bytree,params_learning_rate,params_max_depth,params_min_child_weight,params_reg_alpha,params_reg_lambda,params_subsample,state
204,0.7708892128279884,2026-08-24 20:55:40.688534,2026-08-24 20:55:40.979508,0 days 00:00:00.290974,0.5280574709672055,0.0683748852534476,8,3,0.00852307915683536,0.00010248699156276348,0.8435163792708029,COMPLETE
205,0.7595189504373178,2026-08-24 20:55:40.979582,2026-08-24 20:55:41.220729,0 days 00:00:00.241147,0.5250312258855708,0.05725987420349076,8,4,0.008247764894595624,0.00010445923097257198,0.8592541316080843,COMPLETE
206,0.7679154518950437,2026-08-24 20:55:41.220805,2026-08-24 20:55:41.526246,0 days 00:00:00.305441,0.5363524281923989,0.048804374449544316,8,3,0.007096903538877388,0.0002172373348415417,0.8390950014570928,COMPLETE
207,0.7695918367346939,2026-08-24 20:55:41.526326,2026-08-24 20:55:42.003991,0 days 00:00:00.477665,0.5207755859740902,0.06372730878156926,8,3,0.00982737853975967,0.00015383259342856308,0.8450884713714024,COMPLETE
208,0.7640816326530613,2026-08-24 20:55:42.004075,2026-08-24 20:55:42.333783,0 days 00:00:00.329708,0.5087394211943544,0.05426556183439542,8,4,0.009092253142625436,0.00010206911715472563,0.8660832992250189,COMPLETE
209,0.7685860058309039,2026-08-24 20:55:42.333858,2026-08-24 20:55:42.650860,0 days 00:00:00.317002,0.5180342054328462,0.06544382551874592,8,3,0.010700660431470449,0.00028717041157251766,0.8461891628357734,COMPLETE
210,0.7675072886297376,2026-08-24 20:55:42.650943,2026-08-24 20:55:43.149530,0 days 00:00:00.498587,0.5227101337769409,0.06206670485631615,8,3,0.007134183175020711,0.00014351061767433566,0.8572872505971032,COMPLETE
211,0.7691399416909621,2026-08-24 20:55:43.149605,2026-08-24 20:55:43.448527,0 days 00:00:00.298922,0.5211685378463141,0.06850331841361845,8,3,0.009578363825022938,0.0002933457760554415,0.843775783833076,COMPLETE
212,0.766326530612245,2026-08-24 20:55:43.448613,2026-08-24 20:55:43.734875,0 days 00:00:00.286262,0.5401722630392543,0.06760094086244832,8,3,0.009451183666268504,0.00020580859703372888,0.8447157519984658,COMPLETE
213,0.7659912536443149,2026-08-24 20:55:43.734962,2026-08-24 20:55:44.068270,0 days 00:00:00.333308,0.5012645760811273,0.06116838245814063,8,2,0.015090261464143996,0.00015572498645655862,0.8358907063560107,COMPLETE
214,0.775262390670554,2026-08-24 20:55:44.068349,2026-08-24 20:55:44.368464,0 days 00:00:00.300115,0.5188005254792637,0.05260436068378922,8,3,0.011875244387485029,0.0002548279862491039,0.8699172442174171,COMPLETE
215,0.7649999999999999,2026-08-24 20:55:44.368550,2026-08-24 20:55:44.649503,0 days 00:00:00.280953,0.5313823220183149,0.05282934507387323,8,4,0.018598403409911698,0.00010059583743868736,0.8684888554585344,COMPLETE
216,0.7559475218658893,2026-08-24 20:55:44.649582,2026-08-24 20:55:44.978100,0 days 00:00:00.328518,0.512428877907303,0.04718731997151729,8,2,0.012532245013965406,0.0002235695481506675,0.8740860926339826,COMPLETE
217,0.7654373177842566,2026-08-24 20:55:44.978184,2026-08-24 20:55:45.271529,0 days 00:00:00.293345,0.5393371187815804,0.056717678052144824,8,3,0.006207165306698324,0.00012939946951041903,0.8510403435860582,COMPLETE
218,0.7655976676384839,2026-08-24 20:55:45.271610,2026-08-24 20:55:45.596430,0 days 00:00:00.324820,0.5278055140122818,0.05185039962304328,8,2,0.0204466022713478,0.00017149033414663205,0.8582312468018087,COMPLETE
219,0.7663848396501458,2026-08-24 20:55:45.596513,2026-08-24 20:55:45.897194,0 days 00:00:00.300681,0.5411573337150761,0.057291394422396814,8,4,0.011054825199676443,0.00012934755398254732,0.8319734405883542,COMPLETE
220,0.7627551020408162,2026-08-24 20:55:45.897277,2026-08-24 20:55:46.156810,0 days 00:00:00.259533,0.5149358150415839,0.06285999096366442,8,3,0.004639543863758336,0.00019386489726355133,0.8379819016469753,COMPLETE
221,0.7575655976676383,2026-08-24 20:55:46.156894,2026-08-24 20:55:46.402893,0 days 00:00:00.245999,0.5265629043736727,0.07023711526297384,8,3,0.008863740627606564,0.00024804958014072287,0.8507238594640761,COMPLETE
222,0.7742857142857145,2026-08-24 20:55:46.402973,2026-08-24 20:55:46.871261,0 days 00:00:00.468288,0.520339500179492,0.07327768807980486,8,3,0.015514558763396245,0.0002946862899351892,0.8418586126351231,COMPLETE
223,0.7737026239067055,2026-08-24 20:55:46.871338,2026-08-24 20:55:47.375143,0 days 00:00:00.503805,0.5369110503689418,0.07374568593346642,8,3,0.015886763035256803,0.00015214890467435852,0.8297653813230697,COMPLETE
224,0.7667711370262391,2026-08-24 20:55:47.375221,2026-08-24 20:55:47.691994,0 days 00:00:00.316773,0.5074418567989623,0.050167616652703056,8,3,0.016780554996301378,0.00015047436842032557,0.831881776182521,COMPLETE
225,0.7597376093294461,2026-08-24 20:55:47.692071,2026-08-24 20:55:47.988283,0 days 00:00:00.296212,0.5332657211543534,0.08137753218639165,8,3,0.024705194494468778,0.00010001315591510696,0.8592157311643575,COMPLETE
226,0.7607142857142857,2026-08-24 20:55:47.988374,2026-08-24 20:55:48.354617,0 days 00:00:00.366243,0.5184325599158336,0.07361451768398437,8,4,0.013810870194389474,0.00012912627277545134,0.8438091903200452,COMPLETE
227,0.7693731778425656,2026-08-24 20:55:48.354724,2026-08-24 20:55:48.604471,0 days 00:00:00.249747,0.5300684329147562,0.06478717510249597,8,3,0.018295563069463155,0.00048583119793111956,0.8243765663694802,COMPLETE
228,0.763061224489796,2026-08-24 20:55:48.604549,2026-08-24 20:55:48.891691,0 days 00:00:00.287142,0.556841216296772,0.05939743789509066,8,2,0.014449672125743197,0.00015414980157939576,0.834056913843063,COMPLETE
229,0.7677259475218661,2026-08-24 20:55:48.891782,2026-08-24 20:55:49.219222,0 days 00:00:00.327440,0.5399925878314703,0.04553346625411538,8,3,0.011416282094164698,0.00032942588994003404,0.8743848210670568,COMPLETE
230,0.7664431486880467,2026-08-24 20:55:49.219301,2026-08-24 20:55:49.665962,0 days 00:00:00.446661,0.527208855232074,0.07932672228287374,8,4,0.03029258501786304,0.00012295985469398238,0.8425849678410244,COMPLETE
231,0.7692711370262392,2026-08-24 20:55:49.666059,2026-08-24 20:55:50.117285,0 days 00:00:00.451226,0.5329431248498654,0.06466689387901979,8,3,0.01950251932177931,0.0005047911209847828,0.8264137026158052,COMPLETE
232,0.7693002915451895,2026-08-24 20:55:50.117366,2026-08-24 20:55:50.398948,0 days 00:00:00.281582,0.5201795697467494,0.06763951098189194,8,3,0.01759801084265094,0.0001639323794925251,0.8242793279883521,COMPLETE
233,0.7656705539358601,2026-08-24 20:55:50.399031,2026-08-24 20:55:50.696595,0 days 00:00:00.297564,0.5396996276046908,0.0717795130929889,8,3,0.023208277890344322,0.00042360776738591534,0.8549238513186511,COMPLETE
234,0.7666180758017493,2026-08-24 20:55:50.696675,2026-08-24 20:55:51.001200,0 days 00:00:00.304525,0.5115600180983857,0.05439110032047659,8,3,0.015135765976747614,0.00024129855066461678,0.8351553631598176,COMPLETE
235,0.7550291545189505,2026-08-24 20:55:51.001279,2026-08-24 20:55:51.320011,0 days 00:00:00.318732,0.5270186077675388,0.06359743459771704,8,2,0.012378757070555654,0.00011978800139115021,0.8254063549703139,COMPLETE
236,0.7477696793002915,2026-08-24 20:55:51.320092,2026-08-24 20:55:51.480701,0 days 00:00:00.160609,0.8314018668716764,0.0769297974497914,8,3,0.01694642951074963,0.00034676238576470276,0.8461472782237253,COMPLETE
237,0.7655830903790087,2026-08-24 20:55:51.480781,2026-08-24 20:55:51.997604,0 days 00:00:00.516823,0.5499639855444659,0.060582577984361084,8,4,0.007710759836796678,0.00010090707398222792,0.8655317785903242,COMPLETE
238,0.7622886297376094,2026-08-24 20:55:51.997686,2026-08-24 20:55:52.340930,0 days 00:00:00.343244,0.5373976141974128,0.012876095973739515,8,2,0.011339942196471338,0.00017933358612248244,0.8371519309368924,COMPLETE
239,0.7631632653061224,2026-08-24 20:55:52.341012,2026-08-24 20:55:52.648472,0 days 00:00:00.307460,0.519575474661744,0.04874071841602501,8,3,0.014069969313052407,0.00014282192489667564,0.8202949000456092,COMPLETE
240,0.7666909620991252,2026-08-24 20:55:52.648554,2026-08-24 20:55:52.899407,0 days 00:00:00.250853,0.5573385522717769,0.07337690532495332,8,2,0.4487081994108041,0.0002378104824924543,0.8083198255806019,COMPLETE
241,0.7652915451895044,2026-08-24 20:55:52.899488,2026-08-24 20:55:53.232042,0 days 00:00:00.332554,0.523229780758944,0.06926734743541582,8,3,0.018805480508247475,0.00017402254609190994,0.8265963885037284,COMPLETE
242,0.7643731778425655,2026-08-24 20:55:53.232123,2026-08-24 20:55:53.482100,0 days 00:00:00.249977,0.5091282068325402,0.06721429094639966,8,3,0.02658935287010918,0.00014726912598106057,0.8228395305818158,COMPLETE
243,0.7611953352769678,2026-08-24 20:55:53.482182,2026-08-24 20:55:53.792324,0 days 00:00:00.310142,0.530337718152032,0.057658939602462544,8,4,0.0170694079544539,0.0001220965875230857,0.8477831460321803,COMPLETE
244,0.7787317784256559,2026-08-24 20:55:53.792406,2026-08-24 20:55:54.074210,0 days 00:00:00.281804,0.5196565238734364,0.06576129665868273,8,3,0.020415021313946454,0.00018711725141558615,0.8331492892956557,COMPLETE
245,0.7635860058309039,2026-08-24 20:55:54.074292,2026-08-24 20:55:54.373089,0 days 00:00:00.298797,0.5002916011619388,0.08255522951314925,8,3,0.021648549192870147,0.00020379205046123735,0.8338230851866675,COMPLETE
246,0.7536443148688046,2026-08-24 20:55:54.373171,2026-08-24 20:55:54.602832,0 days 00:00:00.229661,0.542799221937216,0.06408153405686928,8,17,0.010852894416967254,0.00027957306313802766,0.8428042974568694,COMPLETE
247,0.7598104956268221,2026-08-24 20:55:54.602922,2026-08-24 20:55:54.909779,0 days 00:00:00.306857,0.53284361107336,0.05465235104773714,8,4,0.013471755280081994,0.00012171555233714249,0.8537310641845917,COMPLETE
248,0.7671282798833818,2026-08-24 20:55:54.909866,2026-08-24 20:55:55.615901,0 days 00:00:00.706035,0.5166391720898584,0.07554452672761738,8,2,0.008994010347071054,0.0001847108750781256,0.8353811630351254,COMPLETE
249,0.7679446064139942,2026-08-24 20:55:55.615982,2026-08-24 20:55:55.911063,0 days 00:00:00.295081,0.5434089222073774,0.05804861018021759,8,3,0.021155574471293487,0.00010147444411531169,0.8165051798740548,COMPLETE
250,0.7568075801749271,2026-08-24 20:55:55.911144,2026-08-24 20:55:56.169454,0 days 00:00:00.258310,0.7370195925268971,0.06265122852739112,8,3,0.032951824436937525,0.00015075095447119306,0.8636862335349482,COMPLETE
251,0.7578571428571429,2026-08-24 20:55:56.169538,2026-08-24 20:55:56.474771,0 days 00:00:00.305233,0.5227143833065223,0.09187721473713062,8,2,0.014699635749986329,0.00030259811948787793,0.8404957410305607,COMPLETE
252,0.7645043731778426,2026-08-24 20:55:56.474850,2026-08-24 20:55:56.753451,0 days 00:00:00.278601,0.5508109586871232,0.07070516300727864,8,3,0.01143387414892179,0.0005245294821085823,0.5941864526737103,COMPLETE
253,0.7505102040816326,2026-08-24 20:55:56.753532,2026-08-24 20:55:56.908562,0 days 00:00:00.155030,0.5331122915239767,0.07837984130039101,4,4,0.0076329135221643,0.00012930029299639692,0.8296511957590417,COMPLETE
254,0.7582069970845482,2026-08-24 20:55:56.908649,2026-08-24 20:55:57.213824,0 days 00:00:00.305175,0.513747270632035,0.05030030659491065,8,3,0.01708701437306479,0.00021911034039129345,0.8525474928300735,COMPLETE
255,0.7626530612244897,2026-08-24 20:55:57.213908,2026-08-24 20:55:57.504405,0 days 00:00:00.290497,0.5632966484303805,0.06689749738774516,8,2,0.3407812598554286,0.00015955477619879375,0.8443774861793025,COMPLETE
256,0.7588775510204082,2026-08-24 20:55:57.504483,2026-08-24 20:55:57.820533,0 days 00:00:00.316050,0.5273183561171365,0.08326627962458867,8,4,0.02715710591553967,0.00010032436640335492,0.8058578568239027,COMPLETE
257,0.7678717201166181,2026-08-24 20:55:57.820621,2026-08-24 20:55:58.478885,0 days 00:00:00.658264,0.5431567837941931,0.07329208138925962,8,3,0.006312766884669308,0.00038055700556726785,0.8285689492345284,COMPLETE
258,0.7620845481049563,2026-08-24 20:55:58.478971,2026-08-24 20:55:58.787089,0 days 00:00:00.308118,0.5347849523038751,0.06067063457554444,8,2,0.010204130843253495,0.00019510002476200568,0.862464368352273,COMPLETE
259,0.7630612244897959,2026-08-24 20:55:58.787237,2026-08-24 20:55:59.106696,0 days 00:00:00.319459,0.5541344972224965,0.0543657814564756,8,3,0.012885543088639071,0.00013946374653566718,0.8224694874122311,COMPLETE
260,0.7654518950437317,2026-08-24 20:55:59.106782,2026-08-24 20:55:59.435339,0 days 00:00:00.328557,0.5074573523830842,0.04359054377456131,8,3,0.020782944615844862,0.00025336147771036553,0.8373504897537809,COMPLETE
261,0.7592128279883381,2026-08-24 20:55:59.435420,2026-08-24 20:55:59.706064,0 days 00:00:00.270644,0.5208914339015044,0.08884542979878861,8,2,0.008256700874122164,0.00012063338832422279,0.8508211382602776,COMPLETE
262,0.7717784256559767,2026-08-24 20:55:59.706144,2026-08-24 20:56:00.138078,0 days 00:00:00.431934,0.545164815870049,0.06545350600716832,8,3,0.49690698588042803,0.00016530631446232358,0.8122832405410195,COMPLETE
263,0.7640087463556853,2026-08-24 20:56:00.138178,2026-08-24 20:56:00.583865,0 days 00:00:00.445687,0.5446478531506174,0.07878295635208021,8,4,0.5269416807455081,0.00017539785932112943,0.8132362801918229,COMPLETE
264,0.7464941690962099,2026-08-24 20:56:00.583946,2026-08-24 20:56:00.720820,0 days 00:00:00.136874,0.5574357133923987,0.0694568131962118,8,2,0.3871678096048836,0.00014511412663744937,0.8778059736997883,COMPLETE
265,0.768600583090379,2026-08-24 20:56:00.720902,2026-08-24 20:56:01.021090,0 days 00:00:00.300188,0.5483690507341976,0.05696418360890099,8,3,0.2691905625846251,0.00010028442086796559,0.8410310368432165,COMPLETE
266,0.7594460641399418,2026-08-24 20:56:01.021181,2026-08-24 20:56:01.337149,0 days 00:00:00.315968,0.537379456328509,0.07268385040840772,8,1,0.4272276411563175,0.00020393677776693947,0.8560649131777794,COMPLETE
267,0.7588775510204082,2026-08-24 20:56:01.337230,2026-08-24 20:56:01.632070,0 days 00:00:00.294840,0.5631798589906687,0.08528501933537194,8,14,0.6506703303237026,0.00012859519215187293,0.8332497321336515,COMPLETE
268,0.765058309037901,2026-08-24 20:56:01.632165,2026-08-24 20:56:02.093017,0 days 00:00:00.460852,0.5187834106154938,0.051733395993516014,8,3,0.005273329293677219,0.00016507965300575447,0.8006246679568116,COMPLETE
269,0.7651020408163265,2026-08-24 20:56:02.093102,2026-08-24 20:56:02.350338,0 days 00:00:00.257236,0.5350463506215062,0.06071587419766155,8,4,0.013417810670049804,0.0002455938843275703,0.8153033084019085,COMPLETE
270,0.7599708454810495,2026-08-24 20:56:02.350424,2026-08-24 20:56:02.679257,0 days 00:00:00.328833,0.526848236325172,0.07783499523874454,8,3,0.010806585546419287,0.0001270224972001396,0.8469542288023266,COMPLETE
271,0.7597376093294462,2026-08-24 20:56:02.679341,2026-08-24 20:56:02.991033,0 days 00:00:00.311692,0.5471630112501867,0.06663943370084789,8,2,0.5507351858588005,0.00017120443167066104,0.8300794110669808,COMPLETE
272,0.7607142857142858,2026-08-24 20:56:02.991116,2026-08-24 20:56:03.346394,0 days 00:00:00.355278,0.5056824816758917,0.045372413367958324,8,1,0.009163797509193505,0.00010031031405832497,0.8705290730708833,COMPLETE
273,0.7617638483965015,2026-08-24 20:56:03.346480,2026-08-24 20:56:03.814963,0 days 00:00:00.468483,0.5175205856490502,0.07328759652863875,8,2,0.007153027341918648,0.00019843645472624052,0.8570072020725152,COMPLETE
274,0.7702915451895043,2026-08-24 20:56:03.815045,2026-08-24 20:56:04.102002,0 days 00:00:00.286957,0.5373467282524587,0.048817761447140694,8,3,0.01588918599466181,0.00014282462082705556,0.8196930761724319,COMPLETE
275,0.7626239067055396,2026-08-24 20:56:04.102087,2026-08-24 20:56:04.388896,0 days 00:00:00.286809,0.5527928370162334,0.04724203228452604,8,4,0.01519390676230047,0.00012530763966165005,0.8082020016752027,COMPLETE
276,0.7588775510204081,2026-08-24 20:56:04.388980,2026-08-24 20:56:04.667705,0 days 00:00:00.278725,0.5649321673625709,0.0425225732265653,8,3,0.022297911861211987,0.0002836409181379301,0.8180776978389858,COMPLETE
277,0.7662682215743439,2026-08-24 20:56:04.667787,2026-08-24 20:56:04.988302,0 days 00:00:00.320515,0.5422728461366838,0.04922422962477433,8,2,0.014507404047510943,0.00014683065019415478,0.7951192057161036,COMPLETE
278,0.7633236151603499,2026-08-24 20:56:04.988387,2026-08-24 20:56:05.313275,0 days 00:00:00.324888,0.5372733920687975,0.0530208242442107,8,4,0.012061298385944427,0.00022280539912245437,0.8228702659119757,COMPLETE
279,0.7582507288629737,2026-08-24 20:56:05.313378,2026-08-24 20:56:05.742997,0 days 00:00:00.429619,0.9941111570064938,0.08407777745178824,8,3,0.0157850513955475,0.00012278159500966396,0.8335584445561415,COMPLETE
280,0.7737463556851313,2026-08-24 20:56:05.743086,2026-08-24 20:56:06.067230,0 days 00:00:00.324144,0.5541107371423418,0.09266506849295357,8,2,0.018593164336467263,0.00017347430491936096,0.8152127862011728,COMPLETE
281,0.7690087463556852,2026-08-24 20:56:06.067318,2026-08-24 20:56:06.310793,0 days 00:00:00.243475,0.5728134271487664,0.0926752800066962,8,3,0.024020748886480713,0.0001454383370669462,0.8073140755127889,COMPLETE
282,0.7625510204081634,2026-08-24 20:56:06.310881,2026-08-24 20:56:06.553767,0 days 00:00:00.242886,0.5566389225934338,0.09797042734814504,8,3,0.03699403314098133,0.00010080744817719692,0.8143279333030374,COMPLETE
283,0.7640524781341109,2026-08-24 20:56:06.553864,2026-08-24 20:56:07.118206,0 days 00:00:00.564342,0.5489024841072597,0.08891613659388885,8,1,0.3176355984439153,0.00017287505372416183,0.7981101928572556,COMPLETE
284,0.7701603498542273,2026-08-24 20:56:07.118304,2026-08-24 20:56:07.552595,0 days 00:00:00.434291,0.5653038085652679,0.10877893381401744,8,3,0.019279770482335416,0.00012593781738114376,0.8254994396250842,COMPLETE
285,0.757521865889213,2026-08-24 20:56:07.552777,2026-08-24 20:56:07.854717,0 days 00:00:00.301940,0.5608907526930131,0.10205610286877413,8,2,0.02896861448240951,0.0002460469917495189,0.8242760793319658,COMPLETE
286,0.7624489795918368,2026-08-24 20:56:07.854822,2026-08-24 20:56:08.048314,0 days 00:00:00.193492,0.5760718910638732,0.11816735070751187,8,4,0.018876537379877274,0.00015384270645767747,0.8088964668149164,COMPLETE
287,0.7580174927113703,2026-08-24 20:56:08.048406,2026-08-24 20:56:08.474336,0 days 00:00:00.425930,0.5662177506061044,0.10717361920293389,8,2,0.48463748557866915,0.00018574493694484848,0.8164628700432994,COMPLETE
288,0.756530612244898,2026-08-24 20:56:08.474450,2026-08-24 20:56:08.705970,0 days 00:00:00.231520,0.5853695580212583,0.09478549852048851,8,12,0.0013461007164205418,0.00031137690234761827,0.7853137135203865,COMPLETE
289,0.7656268221574343,2026-08-24 20:56:08.706060,2026-08-24 20:56:09.156154,0 days 00:00:00.450094,0.5540939447675997,0.12577885389795088,8,3,0.024732424469791358,0.0001298915045810076,0.8278684572303459,COMPLETE
290,0.7596647230320699,2026-08-24 20:56:09.156247,2026-08-24 20:56:09.468534,0 days 00:00:00.312287,0.5456614660279798,0.10888268834109162,8,3,0.018411277595381335,0.00021689263943430474,0.8205209642673865,COMPLETE
291,0.7626384839650145,2026-08-24 20:56:09.468686,2026-08-24 20:56:09.716729,0 days 00:00:00.248043,0.5627147961796944,0.07832129301481744,8,4,0.02131556533899085,0.0001249305970663966,0.8357952776980522,COMPLETE
292,0.7677988338192421,2026-08-24 20:56:09.716819,2026-08-24 20:56:10.227561,0 days 00:00:00.510742,0.5445760362599774,0.08110628020982627,8,3,0.7501147918861546,0.00016708208682940013,0.8013176120111458,COMPLETE
293,0.7601166180758017,2026-08-24 20:56:10.227650,2026-08-24 20:56:10.831934,0 days 00:00:00.604284,0.7628331143165508,0.08766476380065043,8,2,0.01429452174335378,0.00012639891892153598,0.83166599948895,COMPLETE
294,0.7609037900874636,2026-08-24 20:56:10.832052,2026-08-24 20:56:11.397285,0 days 00:00:00.565233,0.5708843711141464,0.04726711184499206,8,1,0.02888304658254423,0.00019266761581129198,0.8214412798184016,COMPLETE
295,0.7511516034985422,2026-08-24 20:56:11.397388,2026-08-24 20:56:11.654530,0 days 00:00:00.257142,0.536088034538941,0.1425023049296632,8,3,0.010550728200741802,0.0002654333015018468,0.8413391696554219,COMPLETE
296,0.7661661807580175,2026-08-24 20:56:11.654635,2026-08-24 20:56:12.008774,0 days 00:00:00.354139,0.5532608669492783,0.08315714931317761,8,3,0.01747904366227924,0.00014644151602813594,0.8090901250245399,COMPLETE
297,0.7423177842565598,2026-08-24 20:56:12.008901,2026-08-24 20:56:12.253165,0 days 00:00:00.244264,0.5297099258285226,0.09939971499829586,8,4,0.007080736329579934,8.676748483752371,0.8287321717027808,COMPLETE
298,0.7539358600583089,2026-08-24 20:56:12.253277,2026-08-24 20:56:12.383754,0 days 00:00:00.130477,0.5428711786097179,0.0755887181991946,3,2,0.04947867717560272,0.00010010726921596146,0.8423373817867191,COMPLETE
299,0.7545772594752187,2026-08-24 20:56:12.383856,2026-08-24 20:56:12.710384,0 days 00:00:00.326528,0.5098357994594497,0.05109211572777848,8,2,0.011831249178094125,0.00015654834105490885,0.8178500474956979,COMPLETE
300,0.7641545189504374,2026-08-24 20:56:12.710495,2026-08-24 20:56:13.310394,0 days 00:00:00.599899,0.5572970122085056,0.09339776659611825,8,3,0.008490806753313967,0.0002137824747644505,0.8290005333474668,COMPLETE
301,0.7611078717201167,2026-08-24 20:56:13.310506,2026-08-24 20:56:13.602046,0 days 00:00:00.291540,0.5276767201693521,0.054763014705443425,8,4,0.020808200825606027,0.00012226332228515937,0.8482812167163991,COMPLETE
302,0.7703498542274052,2026-08-24 20:56:13.602163,2026-08-24 20:56:14.218159,0 days 00:00:00.615996,0.5000063275326525,0.07079829943244699,8,3,0.013197915932588795,0.00037420158755446635,0.8395836328626679,COMPLETE
303,0.7603206997084548,2026-08-24 20:56:14.218272,2026-08-24 20:56:14.748489,0 days 00:00:00.530217,0.5148824988200343,0.07358946115145944,8,3,0.015671998745553507,0.00012449003227711931,0.7652484499875357,COMPLETE
304,0.7613848396501459,2026-08-24 20:56:14.748606,2026-08-24 20:56:15.019227,0 days 00:00:00.270621,0.502405327082879,0.0705696295992148,8,4,0.012940587314683036,0.0004087607999692406,0.8399981575886858,COMPLETE
