number,value,datetime_start,datetime_complete,duration,params_colsample_bytree,params_learning_rate,params_max_depth,params_min_child_weight,params_reg_alpha,params_reg_lambda,params_subsample,state
305,0.7656559766763849,2026-08-24 20:56:15.019341,2026-08-24 20:56:15.360511,0 days 00:00:00.341170,0.5015323408646798,0.08144828902032873,8,3,0.44225733895270064,0.0009077726441122047,0.8635202442505406,COMPLETE
306,0.7618221574344023,2026-08-24 20:56:15.360640,2026-08-24 20:56:15.637025,0 days 00:00:00.276385,0.5144049354103564,0.07517782553120556,8,3,0.0042110348826658395,0.00017084286248414328,0.8506348535297334,COMPLETE
307,0.757930029154519,2026-08-24 20:56:15.637140,2026-08-24 20:56:15.936281,0 days 00:00:00.299141,0.5240754859557056,0.0694956407126207,8,3,0.00039801282947999277,0.00014786589375063007,0.8821351433299707,COMPLETE
308,0.7732215743440234,2026-08-24 20:56:15.936388,2026-08-24 20:56:16.249313,0 days 00:00:00.312925,0.533417820119857,0.05732391459869685,8,3,0.9209131820369181,0.00034155101360140044,0.8352311559602967,COMPLETE
309,0.763862973760933,2026-08-24 20:56:16.249422,2026-08-24 20:56:16.566368,0 days 00:00:00.316946,0.5325125909007742,0.05560221347839635,8,4,0.8553927881310758,0.0006536427286132052,0.8366905931938752,COMPLETE
310,0.7636151603498542,2026-08-24 20:56:16.566486,2026-08-24 20:56:16.842701,0 days 00:00:00.276215,0.510857210989389,0.058981767721465905,8,2,0.9333696826271315,0.0004059335511828464,0.8177050107769731,COMPLETE
311,0.7650291545189505,2026-08-24 20:56:16.842820,2026-08-24 20:56:17.141169,0 days 00:00:00.298349,0.520962031692443,0.065909581909019,8,3,0.02425408169114229,0.00029449012014420243,0.8290187346569614,COMPLETE
312,0.7659475218658893,2026-08-24 20:56:17.141260,2026-08-24 20:56:17.417753,0 days 00:00:00.276493,0.5356044463366234,0.06406252399640591,8,3,0.017334626277127372,0.00034878327724633274,0.8082019914521714,COMPLETE
313,0.760131195335277,2026-08-24 20:56:17.417871,2026-08-24 20:56:17.901827,0 days 00:00:00.483956,0.5248814068264956,0.07832099921928312,7,2,1.0756974102120933,0.15059871490151192,0.7926547782307384,COMPLETE
314,0.7570262390670554,2026-08-24 20:56:17.902006,2026-08-24 20:56:18.323424,0 days 00:00:00.421418,0.5407940769855961,0.07030733125940165,8,4,0.014034612687297771,0.00010022857053680044,0.7156486506431522,COMPLETE
315,0.7530466472303208,2026-08-24 20:56:18.323537,2026-08-24 20:56:18.619497,0 days 00:00:00.295960,0.7971142204047501,0.05866836565597247,8,3,0.00595687007305635,0.00012534588198584134,0.8408570018062121,COMPLETE
316,0.7572303206997084,2026-08-24 20:56:18.619606,2026-08-24 20:56:18.886805,0 days 00:00:00.267199,0.5095917200157658,0.08735492921154703,8,2,0.03267541233533416,0.0002236959429329312,0.820010478218764,COMPLETE
317,0.7411807580174927,2026-08-24 20:56:18.886920,2026-08-24 20:56:19.064181,0 days 00:00:00.177261,0.8680690174751489,0.05218049893335261,8,3,0.009649569976317334,0.0001706684273845538,0.8335389345735087,COMPLETE
318,0.7572303206997085,2026-08-24 20:56:19.064305,2026-08-24 20:56:19.354663,0 days 00:00:00.290358,0.5477923197125348,0.07846896667584424,8,4,0.020320877460793446,0.0001213832423216921,0.846903984710663,COMPLETE
319,0.7709912536443149,2026-08-24 20:56:19.354777,2026-08-24 20:56:19.656803,0 days 00:00:00.302026,0.5005410678554058,0.06098810783694238,8,3,0.012822134488431166,0.00014848684847702245,0.8259073499814444,COMPLETE
320,0.7535131195335276,2026-08-24 20:56:19.656916,2026-08-24 20:56:19.940632,0 days 00:00:00.283716,0.5008661241328216,0.06091170447828411,8,2,0.008166318454903185,0.00022294564593684793,0.8132865147291145,COMPLETE
321,0.7703498542274053,2026-08-24 20:56:19.940745,2026-08-24 20:56:20.208271,0 days 00:00:00.267526,0.5119503216775396,0.06346130604127666,8,3,0.011685750342123593,0.33078341342829126,0.8370242905079178,COMPLETE
322,0.7634110787172012,2026-08-24 20:56:20.208399,2026-08-24 20:56:20.460163,0 days 00:00:00.251764,0.5066691650792562,0.06480912767967896,8,3,0.011703847984549615,0.797109170532974,0.8032458438466343,COMPLETE
323,0.7635568513119533,2026-08-24 20:56:20.460259,2026-08-24 20:56:20.769068,0 days 00:00:00.308809,0.5013868790775996,0.06818490968495503,8,2,0.009553175140402437,0.00032822963631374115,0.834530266190542,COMPLETE
324,0.7703935860058309,2026-08-24 20:56:20.769178,2026-08-24 20:56:21.069904,0 days 00:00:00.300726,0.5149143106949353,0.06138756632631926,8,4,0.01338373185601531,0.000489235928559541,0.823801564676086,COMPLETE
325,0.7642711370262391,2026-08-24 20:56:21.070020,2026-08-24 20:56:21.375542,0 days 00:00:00.305522,0.5145880745586622,0.061927337317478064,8,4,0.01393240256169155,0.00044661173229491505,0.8397109850146397,COMPLETE
326,0.76932944606414,2026-08-24 20:56:21.375664,2026-08-24 20:56:21.678758,0 days 00:00:00.303094,0.5142928427137086,0.06027269847067019,8,5,0.011149852550856404,0.06773338535852239,0.8252316418363612,COMPLETE
327,0.7616180758017492,2026-08-24 20:56:21.678870,2026-08-24 20:56:21.984277,0 days 00:00:00.305407,0.5155780423946159,0.05810991509040538,8,4,0.007091308213552964,1.1373133926206402,0.8504328061540738,COMPLETE
328,0.761603498542274,2026-08-24 20:56:21.984396,2026-08-24 20:56:22.282138,0 days 00:00:00.297742,0.5024393996492197,0.05635694256230271,8,5,0.0030719183708764926,0.0004935816809045207,0.7390891917998342,COMPLETE
329,0.7600437317784257,2026-08-24 20:56:22.282251,2026-08-24 20:56:22.540901,0 days 00:00:00.258650,0.5241950535399421,0.06452523380276635,8,3,0.01599149674721426,0.0005798159628541309,0.8094693943258743,COMPLETE
330,0.7666180758017492,2026-08-24 20:56:22.541014,2026-08-24 20:56:22.799556,0 days 00:00:00.258542,0.5006760034628776,0.07087891149975764,8,4,0.0054103382565149445,0.002852788271649,0.8323729224677501,COMPLETE
331,0.7718075801749272,2026-08-24 20:56:22.799663,2026-08-24 20:56:23.078996,0 days 00:00:00.279333,0.5130911817347394,0.05466630483527844,7,3,0.0090067783727868,0.1060002833152296,0.8182980718838129,COMPLETE
332,0.7632361516034986,2026-08-24 20:56:23.079132,2026-08-24 20:56:23.344167,0 days 00:00:00.265035,0.5111574353271576,0.062021970218821235,7,4,0.007985295688311132,0.5932219163803283,0.856595467794572,COMPLETE
333,0.7689650145772594,2026-08-24 20:56:23.344301,2026-08-24 20:56:23.618413,0 days 00:00:00.274112,0.5180819240442593,0.05449629706068768,7,3,0.009636313294123193,0.3235565817964985,0.842145132796902,COMPLETE
334,0.7731195335276968,2026-08-24 20:56:23.618523,2026-08-24 20:56:23.927943,0 days 00:00:00.309420,0.5114305797197058,0.05732579662214511,8,3,0.006643117896661379,0.0003673264950268055,0.8295879420164556,COMPLETE
335,0.7685860058309038,2026-08-24 20:56:23.928063,2026-08-24 20:56:24.217137,0 days 00:00:00.289074,0.5096130974530655,0.05587908018884679,7,3,0.005789228735530647,0.1890850980488789,0.815255414229307,COMPLETE
336,0.7670553935860059,2026-08-24 20:56:24.217254,2026-08-24 20:56:24.468864,0 days 00:00:00.251610,0.5094788401041433,0.05879036922139984,8,4,0.007486490634529748,0.0004125538512368142,0.8251173895014422,COMPLETE
337,0.7595626822157435,2026-08-24 20:56:24.468979,2026-08-24 20:56:24.776662,0 days 00:00:00.307683,0.500713057216423,0.06244837272025812,8,3,0.0043532630686361614,0.033900556849141554,0.7970455781031032,COMPLETE
338,0.7615014577259476,2026-08-24 20:56:24.776782,2026-08-24 20:56:25.028361,0 days 00:00:00.251579,0.518582846103885,0.0570219089661956,8,13,0.008764385804772575,0.0007624913065475762,0.8297883275377181,COMPLETE
339,0.7475218658892129,2026-08-24 20:56:25.028478,2026-08-24 20:56:25.327498,0 days 00:00:00.299020,0.9495350075642237,0.0665415055183075,8,3,0.006430068851598974,0.09173871463633218,0.8436120808639533,COMPLETE
340,0.762740524781341,2026-08-24 20:56:25.327614,2026-08-24 20:56:25.653212,0 days 00:00:00.325598,0.5001702897754053,0.053127252039417025,8,4,0.012279617226307197,0.00034306395317505755,0.8120200317650222,COMPLETE
341,0.7706268221574344,2026-08-24 20:56:25.653327,2026-08-24 20:56:25.965611,0 days 00:00:00.312284,0.5197061729540681,0.06403631679029108,8,3,0.010090597468174669,0.00034631899079484333,0.8357269851588637,COMPLETE
342,0.7644606413994169,2026-08-24 20:56:25.965723,2026-08-24 20:56:26.256709,0 days 00:00:00.290986,0.5236195096219326,0.059342455420629235,8,5,0.005175232955562222,0.0002723526290132115,0.8226083463445951,COMPLETE
343,0.7581486880466473,2026-08-24 20:56:26.256828,2026-08-24 20:56:26.560302,0 days 00:00:00.303474,0.5239682368766261,0.06266173869356413,8,3,0.00927074902706243,0.23084732995388815,0.8041506655861353,COMPLETE
344,0.7584110787172013,2026-08-24 20:56:26.560420,2026-08-24 20:56:26.831093,0 days 00:00:00.270673,0.5291552507436315,0.055219904198452366,7,7,0.00791465414244193,0.0003137557702959292,0.8527258378907625,COMPLETE
345,0.7597376093294461,2026-08-24 20:56:26.831188,2026-08-24 20:56:27.110569,0 days 00:00:00.279381,0.5163518809218441,0.06585780280660322,8,2,0.01063322350774896,0.27683260894163475,0.8316956021192682,COMPLETE
346,0.74533527696793,2026-08-24 20:56:27.110688,2026-08-24 20:56:27.237090,0 days 00:00:00.126402,0.5295026193805513,0.05200667037226685,8,4,0.010699026770686836,1.9287284217234413,0.81657693561624,COMPLETE
347,0.7667784256559766,2026-08-24 20:56:27.237207,2026-08-24 20:56:27.531652,0 days 00:00:00.294445,0.5189266573525765,0.05796454799525212,8,3,0.006352306287693313,0.0005501779280859316,0.8362413319112582,COMPLETE
348,0.7572594752186589,2026-08-24 20:56:27.531771,2026-08-24 20:56:27.821939,0 days 00:00:00.290168,0.5342424547141019,0.06314193511193565,8,2,0.007515736993488852,0.00025323310527408834,0.7833463623762078,COMPLETE
349,0.7696938775510205,2026-08-24 20:56:27.822061,2026-08-24 20:56:28.131823,0 days 00:00:00.309762,0.5112743618847411,0.06681944623237464,8,3,0.01100738113724275,0.0004475053341759589,0.8224115715654451,COMPLETE
350,0.7650000000000001,2026-08-24 20:56:28.131947,2026-08-24 20:56:28.551427,0 days 00:00:00.419480,0.5252162489871516,0.0597028416737851,8,4,0.003951064464787046,0.00027988203622151094,0.8583359285131562,COMPLETE
351,0.7623032069970845,2026-08-24 20:56:28.551532,2026-08-24 20:56:28.842717,0 days 00:00:00.291185,0.5372681075222174,0.05575848214743246,8,3,0.009012757891487365,0.06072294931588797,0.8493323231448282,COMPLETE
352,0.757405247813411,2026-08-24 20:56:28.842819,2026-08-24 20:56:28.968193,0 days 00:00:00.125374,0.5174912014609216,0.06908747554167746,3,2,0.013473576649244237,0.1408513749374194,0.828803335624925,COMPLETE
353,0.7735422740524781,2026-08-24 20:56:28.968291,2026-08-24 20:56:29.445390,0 days 00:00:00.477099,0.5483363664478322,0.050412089589655554,8,3,0.005708815152162139,0.11046644854870277,0.8419082547932168,COMPLETE
354,0.7731778425655977,2026-08-24 20:56:29.445489,2026-08-24 20:56:29.912468,0 days 00:00:00.466979,0.5512614753785519,0.049669601462631004,8,3,0.005372968901476525,0.15781430819418482,0.808157594975374,COMPLETE
355,0.7569533527696792,2026-08-24 20:56:29.912566,2026-08-24 20:56:30.206153,0 days 00:00:00.293587,0.5504726009735182,0.04821967543636419,8,11,0.005548470327763858,0.10821463312028229,0.7940190685044067,COMPLETE
356,0.763396501457726,2026-08-24 20:56:30.206248,2026-08-24 20:56:30.485237,0 days 00:00:00.278989,0.5551452875653837,0.05090331333109029,8,3,0.0036639689991641252,0.13370554070680615,0.8061291404442662,COMPLETE
357,0.7640087463556853,2026-08-24 20:56:30.485356,2026-08-24 20:56:30.771058,0 days 00:00:00.285702,0.5476464256295617,0.04965398231971217,8,2,0.005536188407860769,0.1729804269915388,0.8644760854592178,COMPLETE
358,0.7557288629737611,2026-08-24 20:56:30.771179,2026-08-24 20:56:31.099958,0 days 00:00:00.328779,0.5443602528984323,0.010284068860837426,8,2,0.004508584831380063,0.12426948413620811,0.7758830724073452,COMPLETE
359,0.7672448979591837,2026-08-24 20:56:31.100083,2026-08-24 20:56:31.427732,0 days 00:00:00.327649,0.5544999301638003,0.052801626663977634,8,3,0.003341084074399821,0.00020351642143352883,0.8133761424226706,COMPLETE
360,0.7669533527696792,2026-08-24 20:56:31.427844,2026-08-24 20:56:31.757568,0 days 00:00:00.329724,0.5429081000519246,0.043461486724427414,8,3,0.006496754138764047,0.050984371402843356,0.8464839822203646,COMPLETE
361,0.7599125364431487,2026-08-24 20:56:31.757704,2026-08-24 20:56:31.997913,0 days 00:00:00.240209,0.5682758879833697,0.04659785401380935,8,16,0.0048799233978419265,0.0794991780762973,0.8031418037887429,COMPLETE
362,0.7516909620991253,2026-08-24 20:56:31.998031,2026-08-24 20:56:32.313888,0 days 00:00:00.315857,0.5390342758845099,0.05223883838326897,8,2,1.5740747513047673,0.18543018314061732,0.8412152943509408,COMPLETE
363,0.7480029154518951,2026-08-24 20:56:32.314018,2026-08-24 20:56:32.567294,0 days 00:00:00.253276,0.6645736460825272,0.08177250176454842,8,3,0.006772393348286879,0.1156343399147443,0.8197631171092081,COMPLETE
364,0.7325437317784258,2026-08-24 20:56:32.567413,2026-08-24 20:56:32.706385,0 days 00:00:00.138972,0.7007176818579626,0.2312533910725741,8,3,0.008188544673682852,0.07693505707638125,0.8282147456258261,COMPLETE
365,0.7620991253644316,2026-08-24 20:56:32.706505,2026-08-24 20:56:33.313318,0 days 00:00:00.606813,0.55807611603448,0.05539775313605978,8,2,0.005009735190997401,0.10812189129274563,0.8581560172590792,COMPLETE
366,0.7635568513119535,2026-08-24 20:56:33.313463,2026-08-24 20:56:33.579857,0 days 00:00:00.266394,0.5318447586868337,0.04494121323581934,6,3,0.002828649475147398,0.00017227820923933714,0.8352428492016989,COMPLETE
367,0.7574344023323616,2026-08-24 20:56:33.579969,2026-08-24 20:56:33.781685,0 days 00:00:00.201716,0.5493176311361337,0.08792124151755269,7,20,0.007231660255443793,0.08944452720295237,0.8141445397488957,COMPLETE
368,0.7649125364431487,2026-08-24 20:56:33.781801,2026-08-24 20:56:34.086446,0 days 00:00:00.304645,0.5365305033078602,0.049506511950587466,8,4,0.6845173210562812,0.16533732986452915,0.8501184453579249,COMPLETE
369,0.7571865889212827,2026-08-24 20:56:34.086577,2026-08-24 20:56:34.346763,0 days 00:00:00.260186,0.5287004501642598,0.07440807574744938,8,3,0.002216145303496222,0.00016303001562637245,0.8723578320115505,COMPLETE
370,0.7539504373177843,2026-08-24 20:56:34.346892,2026-08-24 20:56:34.752005,0 days 00:00:00.405113,0.6447395085846066,0.0528167226714697,8,2,0.004018061007015762,0.000195159082720458,0.8430967103730083,COMPLETE
371,0.7531778425655977,2026-08-24 20:56:34.752125,2026-08-24 20:56:35.138687,0 days 00:00:00.386562,0.7803488021126702,0.08396539381838768,8,3,0.006195562488644169,0.23755609779871,0.8311613884225895,COMPLETE
372,0.7679446064139942,2026-08-24 20:56:35.138816,2026-08-24 20:56:35.439455,0 days 00:00:00.300639,0.5630415959564663,0.05836943855575537,8,4,0.009267006693247572,0.00014754022617205595,0.7930502250706648,COMPLETE
373,0.7690524781341108,2026-08-24 20:56:35.439571,2026-08-24 20:56:35.937257,0 days 00:00:00.497686,0.5438599735222496,0.0562992980221014,8,3,0.016509252268796605,0.00010012206936256448,0.8109742455659668,COMPLETE
374,0.7583527696793002,2026-08-24 20:56:35.937386,2026-08-24 20:56:36.277133,0 days 00:00:00.339747,0.5306429576832976,0.041184987176634776,8,2,0.00898601612923847,0.0002476737818627008,0.8213843802455957,COMPLETE
375,0.7607434402332363,2026-08-24 20:56:36.277247,2026-08-24 20:56:36.533466,0 days 00:00:00.256219,0.550698059648933,0.07237135977262356,8,3,0.006787240411754445,0.00014932077730785926,0.8427341432474131,COMPLETE
376,0.7678862973760933,2026-08-24 20:56:36.533586,2026-08-24 20:56:36.837813,0 days 00:00:00.304227,0.5773022080770178,0.0910869806792769,8,1,0.00027968302775487893,0.043949168426111546,0.832563228665902,COMPLETE
377,0.7684985422740523,2026-08-24 20:56:36.837932,2026-08-24 20:56:37.149521,0 days 00:00:00.311589,0.5247546590537964,0.05045019205309675,8,3,0.011229608721471109,0.00011547113943553305,0.8546367281635427,COMPLETE
378,0.7589067055393587,2026-08-24 20:56:37.149656,2026-08-24 20:56:37.430988,0 days 00:00:00.281332,0.5369910670544644,0.06736465741512407,8,4,1.0306402128272119,0.00018304506884896863,0.803421474254134,COMPLETE
379,0.7611953352769679,2026-08-24 20:56:37.431116,2026-08-24 20:56:37.710899,0 days 00:00:00.279783,0.5612521554133186,0.07789198309473618,8,10,0.000662351395828033,0.00023051876124839915,0.819924724552459,COMPLETE
380,0.7593586005830903,2026-08-24 20:56:37.711044,2026-08-24 20:56:37.993454,0 days 00:00:00.282410,0.541986848127138,0.04705560688033157,8,2,0.017398467432883685,0.00012182586510009426,0.8278984878013631,COMPLETE
381,0.7651166180758018,2026-08-24 20:56:37.993591,2026-08-24 20:56:38.299109,0 days 00:00:00.305518,0.5224589970117378,0.0541010715406421,8,3,0.0082890049406542,0.4119241895254759,0.8650950968195066,COMPLETE
382,0.7486661807580174,2026-08-24 20:56:38.299227,2026-08-24 20:56:38.414598,0 days 00:00:00.115371,0.5541814837670224,0.061150091681165135,2,2,0.012836859437649107,0.00033946144959382364,0.8386108962583493,COMPLETE
383,0.7556559766763848,2026-08-24 20:56:38.414720,2026-08-24 20:56:38.673414,0 days 00:00:00.258694,0.594657334014935,0.08205073806272659,8,3,0.005311046412475883,0.00014867194125143821,0.8484383489137881,COMPLETE
384,0.7593148688046647,2026-08-24 20:56:38.673544,2026-08-24 20:56:38.944105,0 days 00:00:00.270561,0.5332848383962491,0.0745000209128935,4,4,0.009468722709860981,0.00019013503837844492,0.8133107084850063,COMPLETE
385,0.7508746355685132,2026-08-24 20:56:38.944224,2026-08-24 20:56:39.202780,0 days 00:00:00.258556,0.9042521968756339,0.06840638896272097,8,3,0.025929744119428503,0.00012025055491730154,0.8284531867731452,COMPLETE
386,0.7620408163265306,2026-08-24 20:56:39.202905,2026-08-24 20:56:39.542715,0 days 00:00:00.339810,0.5440003356479824,0.0584319833847622,7,3,0.5711385154712957,0.0001005086028396184,0.5604291611044535,COMPLETE
387,0.7667492711370263,2026-08-24 20:56:39.542833,2026-08-24 20:56:39.804917,0 days 00:00:00.262084,0.5254717846264592,0.06410698123863857,8,4,0.015774556834325684,0.00025492569589209165,0.8379298139352385,COMPLETE
388,0.7651020408163265,2026-08-24 20:56:39.805045,2026-08-24 20:56:40.105067,0 days 00:00:00.300022,0.5368687267437687,0.07179821762877678,8,2,0.010375151318197232,0.006613118994271701,0.8007110816619996,COMPLETE
389,0.773600583090379,2026-08-24 20:56:40.105200,2026-08-24 20:56:40.363812,0 days 00:00:00.258612,0.5108661057682988,0.08546571092664296,8,3,0.007109095118018108,0.0001564051420613561,0.8199979700943545,COMPLETE
390,0.7646209912536442,2026-08-24 20:56:40.363937,2026-08-24 20:56:40.663170,0 days 00:00:00.299233,0.5706565002367202,0.08966470846495816,8,2,0.0062930079516802665,0.00015667753568587948,0.8154923742579704,COMPLETE
391,0.767725947521866,2026-08-24 20:56:40.663294,2026-08-24 20:56:41.123342,0 days 00:00:00.460048,0.5095290916208906,0.07923971071231257,8,3,0.005405132646757009,0.00014091367922824263,0.7903013127592153,COMPLETE
392,0.7614139941690962,2026-08-24 20:56:41.123473,2026-08-24 20:56:41.450850,0 days 00:00:00.327377,0.553665367481788,0.08600083937218218,8,1,0.0074328215827383195,0.00018881568367563702,0.8203755119579569,COMPLETE
393,0.7635131195335276,2026-08-24 20:56:41.450983,2026-08-24 20:56:41.735200,0 days 00:00:00.284217,0.5109343675318041,0.08715297487524633,8,4,0.004790242805755867,0.0001263140973973321,0.8069712063919118,COMPLETE
394,0.7485131195335277,2026-08-24 20:56:41.735324,2026-08-24 20:56:42.146637,0 days 00:00:00.411313,0.5304327697463092,0.07836423134264507,8,3,7.143725827897436,0.0001630296351161357,0.8223568081284676,COMPLETE
395,0.7622157434402332,2026-08-24 20:56:42.146762,2026-08-24 20:56:42.688536,0 days 00:00:00.541774,0.5462470024778646,0.08284718034296319,8,2,0.0037936044493668236,0.0001935984374464534,0.848995820385459,COMPLETE
396,0.7630758017492711,2026-08-24 20:56:42.688669,2026-08-24 20:56:43.214264,0 days 00:00:00.525595,0.5613489411425628,0.09370912773926388,8,3,3.6545137667248713,0.00010060140563059268,0.8281111414100933,COMPLETE
397,0.7471428571428573,2026-08-24 20:56:43.214400,2026-08-24 20:56:43.570187,0 days 00:00:00.355787,0.7136116712536006,0.05088754929831458,8,4,0.2218865648238287,5.615373319061323,0.80480537184115,COMPLETE
398,0.7551020408163265,2026-08-24 20:56:43.570333,2026-08-24 20:56:43.840030,0 days 00:00:00.269697,0.5185727901168694,0.055846114191378846,8,3,0.022871734601940797,0.00013887709675805174,0.6920244037205119,COMPLETE
399,0.7685860058309038,2026-08-24 20:56:43.840149,2026-08-24 20:56:44.196953,0 days 00:00:00.356804,0.5387745884646521,0.09666226637714181,8,2,0.013910286211653694,0.00021701676094519818,0.8145299231587824,COMPLETE
400,0.7632944606413994,2026-08-24 20:56:44.197077,2026-08-24 20:56:44.605277,0 days 00:00:00.408200,0.5263267501705905,0.07579416206784394,7,3,0.019589949248939028,0.1374650088991811,0.8615729566967809,COMPLETE
401,0.762667638483965,2026-08-24 20:56:44.605408,2026-08-24 20:56:44.923469,0 days 00:00:00.318061,0.5081602317782435,0.04768100347479793,8,4,0.007732413989565445,0.0001180484775444927,0.8419300202079111,COMPLETE
402,0.7647667638483966,2026-08-24 20:56:44.923605,2026-08-24 20:56:45.229940,0 days 00:00:00.306335,0.5500358695669849,0.053580481976809355,8,2,0.011656110796814168,0.00015824487949558027,0.8292490189911144,COMPLETE
403,0.7627551020408163,2026-08-24 20:56:45.230068,2026-08-24 20:56:45.484039,0 days 00:00:00.253971,0.5175450889869965,0.0848202617451435,8,3,0.006342018181969859,0.00013987743642795427,0.8751369694717631,COMPLETE
404,0.7606268221574345,2026-08-24 20:56:45.484178,2026-08-24 20:56:45.735067,0 days 00:00:00.250889,0.5311998511604228,0.0717234845244829,8,3,0.8045439078337949,0.00022999154195799058,0.8235242494380722,COMPLETE
405,0.7531486880466473,2026-08-24 20:56:45.735195,2026-08-24 20:56:46.160973,0 days 00:00:00.425778,0.8500710662071813,0.29536940433728653,8,4,0.014923705787772744,0.00010124762089864842,0.8520634487213568,COMPLETE
406,0.7531924198250729,2026-08-24 20:56:46.161105,2026-08-24 20:56:46.442861,0 days 00:00:00.281756,0.7483400758415358,0.01902175184079992,8,2,0.009012807108626418,0.004161492935958042,0.835943714815355,COMPLETE
