number,value,datetime_start,datetime_complete,duration,params_colsample_bytree,params_learning_rate,params_max_depth,params_min_child_weight,params_reg_alpha,params_reg_lambda,params_subsample,state
407,0.7579081632653062,2026-08-24 20:56:46.442992,2026-08-24 20:56:46.735528,0 days 00:00:00.292536,0.5672306634236522,0.04422275118927758,8,3,1.904870261510977,0.00017747949912357307,0.8121163946735643,COMPLETE
408,0.7678279883381923,2026-08-24 20:56:46.735660,2026-08-24 20:56:47.185546,0 days 00:00:00.449886,0.5432972928518123,0.09195139127053231,8,3,0.01774343506800708,0.00012565453901728808,0.79488378390773,COMPLETE
409,0.7625218658892128,2026-08-24 20:56:47.185682,2026-08-24 20:56:47.659689,0 days 00:00:00.474007,0.58370359642193,0.05903281438151049,8,1,0.004680597504571429,0.10136079983738581,0.8472741588477223,COMPLETE
410,0.7559766763848397,2026-08-24 20:56:47.659815,2026-08-24 20:56:47.913138,0 days 00:00:00.253323,0.5221548095268683,0.06780348602782936,5,2,0.01198977700193575,0.00026927871138740625,0.8893412439504285,COMPLETE
411,0.7640379008746356,2026-08-24 20:56:47.913287,2026-08-24 20:56:48.307612,0 days 00:00:00.394325,0.5583789147851658,0.08126462222000887,8,3,0.007602930561139972,0.00017575430266270544,0.8340914208805134,COMPLETE
412,0.7566326530612245,2026-08-24 20:56:48.307743,2026-08-24 20:56:48.612469,0 days 00:00:00.304726,0.5097039604951468,0.05420861164451991,8,4,1.2794018695455336,0.00012262044708764608,0.8187657052369139,COMPLETE
413,0.7596793002915452,2026-08-24 20:56:48.612597,2026-08-24 20:56:48.869819,0 days 00:00:00.257222,0.5370351117477757,0.07466047549813565,8,9,0.014375013503958735,0.21896708161555603,0.8611560751691725,COMPLETE
414,0.7649708454810495,2026-08-24 20:56:48.869943,2026-08-24 20:56:49.139040,0 days 00:00:00.269097,0.5299322544683343,0.049930475606208335,8,3,0.03564195444472807,0.00010049865633219242,0.8252926264162148,COMPLETE
415,0.7465014577259474,2026-08-24 20:56:49.139169,2026-08-24 20:56:49.440157,0 days 00:00:00.300988,0.5537768275771046,0.06108066448450204,8,3,0.022127095077272497,0.00021831555358709808,0.6015611920604728,COMPLETE
416,0.7670116618075802,2026-08-24 20:56:49.440300,2026-08-24 20:56:49.754530,0 days 00:00:00.314230,0.5001823738557838,0.05782737720501087,8,4,0.010247662749821931,0.0001501104325923553,0.8069220711243763,COMPLETE
417,0.763396501457726,2026-08-24 20:56:49.754674,2026-08-24 20:56:50.076887,0 days 00:00:00.322213,0.5180405059070046,0.06804386610854325,8,2,0.017861393432977365,0.0001784350283684975,0.8398250559423587,COMPLETE
418,0.7711224489795918,2026-08-24 20:56:50.077029,2026-08-24 20:56:50.552413,0 days 00:00:00.475384,0.5444579762924416,0.07943914410556709,8,2,0.00625500733997282,0.0002889486010975493,0.8306498209757985,COMPLETE
419,0.7535714285714286,2026-08-24 20:56:50.552521,2026-08-24 20:56:50.872672,0 days 00:00:00.320151,0.5678134182957286,0.0848855660978261,8,1,0.004082100521189387,0.0003001074209655271,0.8492419220770513,COMPLETE
420,0.7456122448979592,2026-08-24 20:56:50.872777,2026-08-24 20:56:51.006499,0 days 00:00:00.133722,0.5486169722244231,0.09133433094897722,8,3,0.005636562127345659,0.0003716244977519192,0.8326827367124665,COMPLETE
421,0.7520116618075801,2026-08-24 20:56:51.006605,2026-08-24 20:56:51.204473,0 days 00:00:00.197868,0.5417612953749201,0.20320408911145857,8,3,0.003187938253615886,0.00024600100244656376,0.7488231810444163,COMPLETE
422,0.7605102040816326,2026-08-24 20:56:51.204578,2026-08-24 20:56:51.466783,0 days 00:00:00.262205,0.5584596078528361,0.10026602442942223,8,4,0.005876294472881733,0.00013449690835062668,0.8190027845021675,COMPLETE
423,0.7516472303206996,2026-08-24 20:56:51.466887,2026-08-24 20:56:51.748215,0 days 00:00:00.281328,0.5292475456242254,0.07936605681288916,8,2,0.007664602851969779,0.000272266723658926,0.8421864426381561,COMPLETE
424,0.7422230320699708,2026-08-24 20:56:51.748323,2026-08-24 20:56:51.965042,0 days 00:00:00.216719,0.816525830306351,0.03931235641638272,6,3,0.004527874856696396,0.00014827571363125832,0.798227485165176,COMPLETE
425,0.7659475218658892,2026-08-24 20:56:51.965158,2026-08-24 20:56:52.253388,0 days 00:00:00.288230,0.5098942606617256,0.05273793008784003,8,3,0.006898762373415349,0.15205830159479936,0.8564055868706272,COMPLETE
426,0.7603061224489795,2026-08-24 20:56:52.253496,2026-08-24 20:56:52.554614,0 days 00:00:00.301118,0.5470071727993572,0.06275031009556559,8,2,0.002538155607042789,0.0002047237674859907,0.6710120105091119,COMPLETE
427,0.7448688046647229,2026-08-24 20:56:52.554742,2026-08-24 20:56:52.779888,0 days 00:00:00.225146,0.688148957075418,0.014379806077496353,8,19,0.009054205258976069,0.00011846760219349126,0.7840596352837421,COMPLETE
428,0.7614139941690963,2026-08-24 20:56:52.780024,2026-08-24 20:56:53.098107,0 days 00:00:00.318083,0.5198133107282145,0.04700368252004357,8,5,0.006000720481288606,0.00033501731221297255,0.829277627218402,COMPLETE
429,0.7611661807580175,2026-08-24 20:56:53.098225,2026-08-24 20:56:53.440509,0 days 00:00:00.342284,0.5788674156410241,0.07181277597628663,8,4,0.007582377811956467,0.00010050274845491618,0.8116500359518961,COMPLETE
430,0.7650728862973761,2026-08-24 20:56:53.440642,2026-08-24 20:56:53.884752,0 days 00:00:00.444110,0.5371243508445539,0.05469243296481689,7,3,0.011304720461217721,0.00015620071990309875,0.8694502548690275,COMPLETE
431,0.7592346938775509,2026-08-24 20:56:53.884882,2026-08-24 20:56:54.145808,0 days 00:00:00.260926,0.5262692935357148,0.04976126219322029,8,3,0.6889497340678183,0.0002208493095529351,0.8418467577410069,COMPLETE
432,0.7690379008746355,2026-08-24 20:56:54.145928,2026-08-24 20:56:54.477612,0 days 00:00:00.331684,0.5088762800208656,0.057682002688482975,8,2,0.009177541028079746,0.00012121603250282572,0.8244706659935093,COMPLETE
433,0.7525801749271138,2026-08-24 20:56:54.477743,2026-08-24 20:56:54.796119,0 days 00:00:00.318376,0.6065492307389059,0.08795253909273192,8,8,0.5587985764769616,0.00017892437176173537,0.8384068204725295,COMPLETE
434,0.7690379008746355,2026-08-24 20:56:54.796278,2026-08-24 20:56:55.151779,0 days 00:00:00.355501,0.5591246519921692,0.06559998863358095,8,3,0.37115574623698383,0.00014254144455600048,0.816602692777862,COMPLETE
435,0.7620408163265306,2026-08-24 20:56:55.151917,2026-08-24 20:56:55.627506,0 days 00:00:00.475589,0.5414271294951706,0.08281276135140869,8,4,0.004845043131718404,0.00030408144124241055,0.8534822042911169,COMPLETE
436,0.769868804664723,2026-08-24 20:56:55.627638,2026-08-24 20:56:55.915685,0 days 00:00:00.288047,0.5322423264254235,0.07527537498660083,8,2,0.01195228021895955,0.00042417435812713123,0.8309801002350256,COMPLETE
437,0.7599708454810497,2026-08-24 20:56:55.915813,2026-08-24 20:56:56.239272,0 days 00:00:00.323459,0.5163567680611355,0.06301538803554874,8,3,0.006615041119499493,0.00023635646554573606,0.8467999832558845,COMPLETE
438,0.7564868804664724,2026-08-24 20:56:56.239414,2026-08-24 20:56:56.497989,0 days 00:00:00.258575,0.5501884227796638,0.044888761000945736,8,12,0.003844252426151855,0.00010013669301612802,0.8220449935513782,COMPLETE
439,0.7481049562682216,2026-08-24 20:56:56.498126,2026-08-24 20:56:56.651577,0 days 00:00:00.153451,0.565532109364432,0.06972286310466926,8,4,0.028174049678554646,0.00014444914109890735,0.805721624025434,COMPLETE
440,0.7753790087463557,2026-08-24 20:56:56.651717,2026-08-24 20:56:57.047919,0 days 00:00:00.396202,0.5242374159755089,0.05893354611895748,7,3,0.008305407874376244,0.0001707385163512825,0.8344799992577449,COMPLETE
441,0.7566253644314868,2026-08-24 20:56:57.048054,2026-08-24 20:56:57.321960,0 days 00:00:00.273906,0.506319647855273,0.0553861497340257,7,3,2.758947713552587,0.00020032636096477076,0.8317172214655282,COMPLETE
442,0.766734693877551,2026-08-24 20:56:57.322112,2026-08-24 20:56:57.918577,0 days 00:00:00.596465,0.5216487677341258,0.05253930632055136,8,1,0.007504928381563979,0.0022976931988704847,0.8169035907352832,COMPLETE
443,0.7672740524781342,2026-08-24 20:56:57.918706,2026-08-24 20:56:58.321427,0 days 00:00:00.402721,0.5208472351959734,0.058644383425895,6,2,0.008951287999186446,0.001012141096024036,0.8077335134762635,COMPLETE
444,0.7630466472303207,2026-08-24 20:56:58.321554,2026-08-24 20:56:58.756699,0 days 00:00:00.435145,0.5084752970407662,0.07958302227977747,6,3,0.005626487097132325,0.00026329285742036977,0.8272115712645715,COMPLETE
445,0.7651311953352768,2026-08-24 20:56:58.756834,2026-08-24 20:56:59.038268,0 days 00:00:00.281434,0.5011428790152731,0.049325498850611826,7,4,0.010851659152825996,0.0001783876527180379,0.8377066909038174,COMPLETE
446,0.7598979591836734,2026-08-24 20:56:59.038408,2026-08-24 20:56:59.528544,0 days 00:00:00.490136,0.5346553520653438,0.09328775360037554,7,3,0.012837495591210803,0.0006112370162139199,0.7985837061828117,COMPLETE
447,0.7689650145772596,2026-08-24 20:56:59.528678,2026-08-24 20:57:00.025541,0 days 00:00:00.496863,0.5248150525429393,0.05957872321569594,8,2,0.008805870784731652,0.00032780229076766074,0.8608801667353888,COMPLETE
448,0.7498250728862974,2026-08-24 20:57:00.025680,2026-08-24 20:57:00.275451,0 days 00:00:00.249771,0.6280486986658611,0.05623912445899645,7,3,0.006947071548801224,0.12113519234782613,0.8220773864304527,COMPLETE
449,0.7555539358600583,2026-08-24 20:57:00.275588,2026-08-24 20:57:00.503167,0 days 00:00:00.227579,0.5162072032755004,0.05161444429248211,5,4,0.015142816761175792,0.07420463531351999,0.8467016974258257,COMPLETE
450,0.7580758017492711,2026-08-24 20:57:00.503308,2026-08-24 20:57:00.773962,0 days 00:00:00.270654,0.532793677667074,0.08629476221365327,7,2,0.1824880132370369,0.00021597201498878158,0.768720883319285,COMPLETE
451,0.7623906705539358,2026-08-24 20:57:00.774098,2026-08-24 20:57:01.074145,0 days 00:00:00.300047,0.5451667670053295,0.07466937237902695,8,3,0.005164498576213204,0.00016467741094700338,0.8142350278828566,COMPLETE
452,0.7725655976676385,2026-08-24 20:57:01.074273,2026-08-24 20:57:01.352179,0 days 00:00:00.277906,0.5293520889742045,0.0643370874672948,8,3,0.010088730656813956,0.00039683901390826865,0.8340128068178145,COMPLETE
453,0.761326530612245,2026-08-24 20:57:01.352317,2026-08-24 20:57:01.578694,0 days 00:00:00.226377,0.513218020712242,0.06721657851994348,6,4,0.010190954060445364,0.0005023563291593774,0.832161919839654,COMPLETE
454,0.7640962099125365,2026-08-24 20:57:01.578818,2026-08-24 20:57:01.872957,0 days 00:00:00.294139,0.5265665224493836,0.06240329004463771,8,3,0.01302361753463566,0.0004334371864693218,0.811645881969098,COMPLETE
455,0.7626822157434402,2026-08-24 20:57:01.873097,2026-08-24 20:57:02.224242,0 days 00:00:00.351145,0.5251620346248742,0.07066753716693301,8,2,0.008058308619468643,0.00037781996248933383,0.825733099600461,COMPLETE
456,0.7651457725947521,2026-08-24 20:57:02.224392,2026-08-24 20:57:02.528108,0 days 00:00:00.303716,0.5087284950954132,0.0657024041528684,8,3,0.009443939453053817,0.0007675619267479833,0.8037780268344543,COMPLETE
457,0.7669096209912536,2026-08-24 20:57:02.528254,2026-08-24 20:57:02.816486,0 days 00:00:00.288232,0.5746272943417363,0.060561318399982245,8,3,0.0179219091410908,0.00032337818363088045,0.8352320268713949,COMPLETE
458,0.7601457725947521,2026-08-24 20:57:02.816615,2026-08-24 20:57:03.147762,0 days 00:00:00.331147,0.552582030838521,0.07330727770309961,8,1,0.012419621273059745,0.00055553190102531,0.8228005192896565,COMPLETE
459,0.7684985422740525,2026-08-24 20:57:03.147893,2026-08-24 20:57:03.688769,0 days 00:00:00.540876,0.5381483376866201,0.07896888115049569,8,4,0.006319901570096229,0.0002733668740621001,0.7883091484368023,COMPLETE
460,0.7389212827988336,2026-08-24 20:57:03.688905,2026-08-24 20:57:04.028429,0 days 00:00:00.339524,0.5000773720157368,0.06576944311475279,8,2,9.38937700104815,0.2658042479673857,0.5360557522225851,COMPLETE
461,0.7611224489795918,2026-08-24 20:57:04.028581,2026-08-24 20:57:04.424631,0 days 00:00:00.396050,0.5164858861568221,0.09665889911823626,8,3,0.010496469826599282,0.00025191311425012605,0.8172245358649572,COMPLETE
462,0.7645626822157434,2026-08-24 20:57:04.424786,2026-08-24 20:57:04.922638,0 days 00:00:00.497852,0.5286232904867002,0.06046704601390005,8,2,0.014439947552765963,0.0004029769616727241,0.840403686285615,COMPLETE
463,0.7623323615160349,2026-08-24 20:57:04.922780,2026-08-24 20:57:05.358197,0 days 00:00:00.435417,0.5422349529318358,0.08229183393383079,8,3,0.007536179229906108,0.00021514639999815934,0.8309526683874855,COMPLETE
464,0.7688629737609329,2026-08-24 20:57:05.358346,2026-08-24 20:57:05.675071,0 days 00:00:00.316725,0.5170661008152491,0.06944997278677228,8,3,0.021816710224557542,0.09838561592820612,0.8089154065222673,COMPLETE
465,0.7679883381924199,2026-08-24 20:57:05.675210,2026-08-24 20:57:05.947567,0 days 00:00:00.272357,0.5564045697021994,0.05781675231935769,8,4,0.0429640455324243,0.00032683889829211314,0.8229663766457199,COMPLETE
466,0.7540524781341107,2026-08-24 20:57:05.947721,2026-08-24 20:57:06.257431,0 days 00:00:00.309710,0.5348085370824135,0.09024044525382134,8,3,0.005919769989035232,0.000179590481916073,0.8382038528721435,COMPLETE
467,0.7547230320699708,2026-08-24 20:57:06.257583,2026-08-24 20:57:06.538460,0 days 00:00:00.280877,0.5225524701357686,0.023277344612593447,8,15,0.008679500840183874,0.20220932872215297,0.795755480071613,COMPLETE
468,0.7620845481049563,2026-08-24 20:57:06.538600,2026-08-24 20:57:07.017033,0 days 00:00:00.478433,0.5000021720699304,0.0767005836981231,8,2,0.016021074242188568,0.00023289581473800438,0.8508501776188219,COMPLETE
469,0.762798833819242,2026-08-24 20:57:07.017160,2026-08-24 20:57:07.305084,0 days 00:00:00.287924,0.5457100080296466,0.0640313566747694,8,3,0.004350794412967491,0.00014996643483758748,0.8150701461503664,COMPLETE
470,0.7539212827988337,2026-08-24 20:57:07.305235,2026-08-24 20:57:07.500445,0 days 00:00:00.195210,0.5656788433242597,0.1029371001905849,7,4,0.011399187345276892,0.00028459191620604707,0.8268201115485508,COMPLETE
471,0.7553061224489797,2026-08-24 20:57:07.500599,2026-08-24 20:57:07.859116,0 days 00:00:00.358517,0.5110641079841025,0.05604826809441989,8,1,0.01905506920880686,0.16573869044385106,0.8360518619029993,COMPLETE
472,0.7607580174927113,2026-08-24 20:57:07.859228,2026-08-24 20:57:08.230560,0 days 00:00:00.371332,0.5290501509058793,0.07130375166089226,8,5,0.0065225918240163225,0.0003922539475727887,0.8434361307326227,COMPLETE
473,0.7493731778425657,2026-08-24 20:57:08.230701,2026-08-24 20:57:08.489742,0 days 00:00:00.259041,0.8897637389626905,0.08475962771638172,8,2,0.013330330318554792,0.00012767733594676143,0.8040612062390342,COMPLETE
474,0.7721137026239067,2026-08-24 20:57:08.489891,2026-08-24 20:57:09.027867,0 days 00:00:00.537976,0.5502233322702876,0.06295156343818417,8,3,0.009080691401218428,0.027318501037818712,0.8197614462569651,COMPLETE
475,0.7610787172011662,2026-08-24 20:57:09.028015,2026-08-24 20:57:09.505314,0 days 00:00:00.477299,0.5743882074250327,0.06209390651342447,8,3,0.02664844314277396,0.027319370168487473,0.900855553449255,COMPLETE
476,0.7619825072886298,2026-08-24 20:57:09.505451,2026-08-24 20:57:09.836558,0 days 00:00:00.331107,0.5594858831234685,0.053227666318921306,8,2,0.009926710585699447,0.0019696198481119146,0.8120085458132527,COMPLETE
477,0.7680612244897959,2026-08-24 20:57:09.836707,2026-08-24 20:57:10.355047,0 days 00:00:00.518340,0.5895586975958954,0.058134754841986915,8,4,0.01535739596775076,0.0006162632681965474,0.7781500653967994,COMPLETE
478,0.7721574344023323,2026-08-24 20:57:10.355175,2026-08-24 20:57:10.685768,0 days 00:00:00.330593,0.551106129639225,0.05451814536356003,8,3,0.003198862297511658,0.04307191127598422,0.7977937359973605,COMPLETE
479,0.7663848396501458,2026-08-24 20:57:10.685911,2026-08-24 20:57:11.056471,0 days 00:00:00.370560,0.5536262068865643,0.05287487106858505,8,2,0.0032084382378936857,0.014281725143710783,0.7901478886776747,COMPLETE
480,0.7602915451895045,2026-08-24 20:57:11.056620,2026-08-24 20:57:11.307632,0 days 00:00:00.251012,0.5650103351887618,0.04985087438721672,4,3,0.0014700004496833062,0.010556944551098008,0.7985215877120956,COMPLETE
481,0.7645189504373178,2026-08-24 20:57:11.307806,2026-08-24 20:57:11.608402,0 days 00:00:00.300596,0.5526120144267701,0.05544282128148746,8,4,0.0023814255858609482,0.0197301745292096,0.8003508535181254,COMPLETE
482,0.7693586005830904,2026-08-24 20:57:11.608576,2026-08-24 20:57:12.169078,0 days 00:00:00.560502,0.5423858936764218,0.0566221164432814,8,3,0.003926601906280969,0.050437261098949984,0.8100635858266403,COMPLETE
483,0.765408163265306,2026-08-24 20:57:12.169226,2026-08-24 20:57:12.660693,0 days 00:00:00.491467,0.549460229257951,0.08897968057489164,8,3,0.0023042771982859853,0.0660972522492622,0.8166686992297275,COMPLETE
484,0.7629591836734693,2026-08-24 20:57:12.660840,2026-08-24 20:57:12.891960,0 days 00:00:00.231120,0.5744063630472875,0.07880292883307521,7,6,0.004652293106653082,0.03596967169915436,0.7568862033750606,COMPLETE
485,0.7613994169096211,2026-08-24 20:57:12.892105,2026-08-24 20:57:13.255124,0 days 00:00:00.363019,0.5612474579983028,0.04855663945181987,8,3,0.005877967462452009,0.1464645927158185,0.8162386512577549,COMPLETE
486,0.7663411078717202,2026-08-24 20:57:13.255272,2026-08-24 20:57:13.795419,0 days 00:00:00.540147,0.5452942759735849,0.05257575184481424,8,1,0.0032962620501248378,0.05457692097190184,0.7830858684918995,COMPLETE
487,0.7612244897959184,2026-08-24 20:57:13.795555,2026-08-24 20:57:14.138818,0 days 00:00:00.343263,0.5398700210931955,0.06447341148839346,8,2,0.001805177443026553,0.027730807600941206,0.8029640726891397,COMPLETE
488,0.7647521865889214,2026-08-24 20:57:14.138973,2026-08-24 20:57:14.443936,0 days 00:00:00.304963,0.5608878626876688,0.09552823712457102,8,4,0.007618151727112022,0.11439696782610691,0.823612523955759,COMPLETE
489,0.7687609329446066,2026-08-24 20:57:14.444101,2026-08-24 20:57:14.721478,0 days 00:00:00.277377,0.5507680845775834,0.05890194765000132,8,3,0.004793952759543488,0.04528506812164601,0.8298712935285066,COMPLETE
490,0.7609475218658892,2026-08-24 20:57:14.721621,2026-08-24 20:57:15.187780,0 days 00:00:00.466159,0.536585646354232,0.08425488056628752,8,14,0.00978805187130307,0.07488003289575454,0.8102480343872769,COMPLETE
491,0.7609183673469387,2026-08-24 20:57:15.187929,2026-08-24 20:57:15.470703,0 days 00:00:00.282774,0.5511499365043077,0.07500416152423545,8,2,0.0026942091759452483,0.0004487652246799023,0.7919101442955745,COMPLETE
492,0.765466472303207,2026-08-24 20:57:15.470845,2026-08-24 20:57:15.744040,0 days 00:00:00.273195,0.5692864241536374,0.04601391840938734,8,3,0.007420257682212187,0.00033022039080329147,0.830489351786962,COMPLETE
493,0.7617346938775511,2026-08-24 20:57:15.744182,2026-08-24 20:57:16.068223,0 days 00:00:00.324041,0.5344674891980759,0.05443724838042875,8,4,0.005660251975069362,0.009174551464701891,0.8216216703504166,COMPLETE
494,0.7643731778425655,2026-08-24 20:57:16.068365,2026-08-24 20:57:16.408492,0 days 00:00:00.340127,0.5854152675014969,0.16784628793508938,8,3,0.011091909289906693,0.4713099645201675,0.8075026037201987,COMPLETE
495,0.7614139941690963,2026-08-24 20:57:16.408636,2026-08-24 20:57:16.709412,0 days 00:00:00.300776,0.5402856981080408,0.06858089830743479,8,2,0.003825478077001239,0.0032314533854401854,0.8191439058527302,COMPLETE
496,0.765466472303207,2026-08-24 20:57:16.709558,2026-08-24 20:57:16.997470,0 days 00:00:00.287912,0.558254541566255,0.06113926766178419,8,3,0.01938229840848713,0.00025424353813716924,0.8353419574167189,COMPLETE
497,0.7621720116618077,2026-08-24 20:57:16.997644,2026-08-24 20:57:17.292679,0 days 00:00:00.295035,0.5292144930663102,0.05062927051900057,8,3,0.008393557257938203,0.09581453069344609,0.7982792811018234,COMPLETE
498,0.7621865889212827,2026-08-24 20:57:17.292836,2026-08-24 20:57:17.552765,0 days 00:00:00.259929,0.5455026426454634,0.08107104291104225,7,4,0.014055402079333288,0.02316174887943903,0.8223620397530657,COMPLETE
499,0.7610495626822156,2026-08-24 20:57:17.552878,2026-08-24 20:57:17.896361,0 days 00:00:00.343483,0.5335880814665878,0.06588865265536643,8,2,0.024159393900551437,0.1833159333593569,0.8444896627656019,COMPLETE
